yyyy-12-01 15:55:14 [INFO]: Loading App... 

yyyy-12-01 15:55:14 [INFO]: MongoDB connected 

yyyy-12-01 15:55:14 [INFO]: Loading Middlewares...
yyyy-12-01 15:55:14 [INFO]: All Middlewares Loaded...

yyyy-12-01 15:55:14 [INFO]: Mounting Routes...
yyyy-12-01 15:55:14 [INFO]: Root Router mounted at: /
yyyy-12-01 15:55:14 [INFO]: Routes Mounted... 

yyyy-12-01 15:55:14 [INFO]: Server is running at http://localhost:3000 

yyyy-12-01 16:56:40 [INFO]: Loading App... 

yyyy-12-01 16:56:40 [INFO]: MongoDB connected 

yyyy-12-01 16:56:40 [INFO]: Loading Middlewares...
yyyy-12-01 16:56:40 [INFO]: All Middlewares Loaded...

yyyy-12-01 16:56:40 [INFO]: Mounting Routes...
yyyy-12-01 16:56:40 [INFO]: Root Router mounted at: /
yyyy-12-01 16:56:40 [INFO]: Routes Mounted... 

yyyy-12-01 16:56:40 [INFO]: Server is running at http://localhost:3000 

yyyy-12-01 16:56:59 [INFO]: Loading App... 

yyyy-12-01 16:56:59 [INFO]: MongoDB connected 

yyyy-12-01 16:56:59 [INFO]: Loading Middlewares...
yyyy-12-01 16:56:59 [INFO]: All Middlewares Loaded...

yyyy-12-01 16:56:59 [INFO]: Mounting Routes...
yyyy-12-01 16:56:59 [INFO]: Root Router mounted at: /
yyyy-12-01 16:56:59 [INFO]: Routes Mounted... 

yyyy-12-01 16:56:59 [INFO]: Server is running at http://localhost:3000 

yyyy-12-01 16:57:51 [INFO]: Loading App... 

yyyy-12-01 16:58:21 [INFO]: MongoDB connection error: Server selection timed out after 30000 ms
yyyy-12-01 16:58:43 [INFO]: Loading App... 

yyyy-12-01 16:59:13 [ERROR]: MongoDB connection error: Server selection timed out after 30000 ms
yyyy-12-01 17:04:56 [INFO]: Loading App... 

yyyy-12-01 17:04:56 [INFO]: MongoDB connected 

yyyy-12-01 17:04:56 [INFO]: Loading Middlewares...
yyyy-12-01 17:04:56 [INFO]: All Middlewares Loaded...
mongoose.connect(path);
yyyy-12-01 17:04:56 [INFO]: Mounting Routes...
yyyy-12-01 17:04:56 [INFO]: Root Router mounted at: /
yyyy-12-01 17:04:56 [INFO]: Routes Mounted... 

yyyy-12-01 17:04:56 [INFO]: Server is running at http://localhost:3000 

yyyy-12-01 17:22:10 [INFO]: Loading App... 

yyyy-12-01 17:22:10 [INFO]: MongoDB connected 

yyyy-12-01 17:22:10 [INFO]: Loading Middlewares...
yyyy-12-01 17:22:10 [INFO]: All Middlewares Loaded...

yyyy-12-01 17:22:10 [INFO]: Mounting Routes...
yyyy-12-01 17:22:10 [INFO]: Root Router mounted at: /
yyyy-12-01 17:22:10 [INFO]: Routes Mounted... 

yyyy-12-01 17:22:10 [INFO]: Server is running at http://localhost:3000 

yyyy-12-01 17:36:20 [INFO]: Loading App... 

yyyy-12-01 17:36:20 [INFO]: MongoDB connected 

yyyy-12-01 17:36:20 [INFO]: Loading Middlewares...
yyyy-12-01 17:36:20 [INFO]: All Middlewares Loaded...

yyyy-12-01 17:36:20 [INFO]: Mounting Routes...
yyyy-12-01 17:36:20 [INFO]: Root Router mounted at: /
yyyy-12-01 17:36:20 [INFO]: Routes Mounted... 

yyyy-12-01 17:36:20 [INFO]: Server is running at http://localhost:3000 with 9488

yyyy-12-01 17:36:29 [INFO]: Middleware 1 executed
yyyy-12-01 17:36:29 [INFO]: Middleware 1 executed
yyyy-12-01 17:36:29 [INFO]: Middleware 1 executed
yyyy-12-01 17:36:35 [INFO]: Middleware 1 executed
yyyy-12-01 17:36:35 [INFO]: Middleware 1 executed
yyyy-12-01 17:36:35 [INFO]: Middleware 1 executed
yyyy-12-01 17:36:36 [INFO]: Middleware 1 executed
yyyy-12-01 17:36:36 [INFO]: Middleware 1 executed
yyyy-12-01 17:36:36 [INFO]: Middleware 1 executed
yyyy-12-01 17:36:36 [INFO]: Middleware 1 executed
yyyy-12-01 17:36:36 [INFO]: Middleware 1 executed
yyyy-12-01 17:37:11 [INFO]: Loading App... 

yyyy-12-01 17:37:11 [INFO]: MongoDB connected 

yyyy-12-01 17:37:11 [INFO]: Loading Middlewares...
yyyy-12-01 17:37:11 [INFO]: All Middlewares Loaded...

yyyy-12-01 17:37:11 [INFO]: Mounting Routes...
yyyy-12-01 17:37:11 [INFO]: Root Router mounted at: /
yyyy-12-01 17:37:11 [INFO]: Routes Mounted... 

yyyy-12-01 17:37:11 [INFO]: Server is running at http://localhost:3000 with 9686

yyyy-12-01 17:37:17 [INFO]: Middleware 1 executed on process pid 9686
yyyy-12-01 17:37:17 [INFO]: Middleware 1 executed on process pid 9686
yyyy-12-01 17:37:17 [INFO]: Middleware 1 executed on process pid 9686
yyyy-12-01 17:37:17 [INFO]: Middleware 1 executed on process pid 9686
yyyy-12-01 17:37:17 [INFO]: Middleware 1 executed on process pid 9686
yyyy-12-01 17:37:17 [INFO]: Middleware 1 executed on process pid 9686
yyyy-12-01 17:37:17 [INFO]: Middleware 1 executed on process pid 9686
yyyy-12-01 17:37:18 [INFO]: Middleware 1 executed on process pid 9686
yyyy-12-01 17:37:18 [INFO]: Middleware 1 executed on process pid 9686
yyyy-12-01 17:37:18 [INFO]: Middleware 1 executed on process pid 9686
yyyy-12-01 17:37:18 [INFO]: Middleware 1 executed on process pid 9686
yyyy-12-01 17:37:18 [INFO]: Middleware 1 executed on process pid 9686
yyyy-12-01 17:37:18 [INFO]: Middleware 1 executed on process pid 9686
yyyy-12-01 17:37:18 [INFO]: Middleware 1 executed on process pid 9686
yyyy-12-01 17:37:19 [INFO]: Middleware 1 executed on process pid 9686
yyyy-12-01 17:37:19 [INFO]: Middleware 1 executed on process pid 9686
yyyy-12-01 17:37:19 [INFO]: Middleware 1 executed on process pid 9686
yyyy-12-01 17:37:19 [INFO]: Middleware 1 executed on process pid 9686
yyyy-12-01 17:37:19 [INFO]: Middleware 1 executed on process pid 9686
yyyy-12-01 17:39:10 [INFO]: Loading App... 

yyyy-12-01 17:39:10 [INFO]: MongoDB connected 

yyyy-12-01 17:39:10 [INFO]: Loading App... 

yyyy-12-01 17:39:10 [INFO]: Loading App... 

yyyy-12-01 17:39:10 [INFO]: Loading Middlewares...
yyyy-12-01 17:39:10 [INFO]: All Middlewares Loaded...

yyyy-12-01 17:39:10 [INFO]: Mounting Routes...
yyyy-12-01 17:39:10 [INFO]: Root Router mounted at: /
yyyy-12-01 17:39:10 [INFO]: Routes Mounted... 

yyyy-12-01 17:39:10 [INFO]: Loading App... 

yyyy-12-01 17:39:10 [INFO]: Server is running at http://localhost:3000 with 9866

yyyy-12-01 17:39:10 [INFO]: MongoDB connected 

yyyy-12-01 17:39:10 [INFO]: MongoDB connected 

yyyy-12-01 17:39:10 [INFO]: MongoDB connected 

yyyy-12-01 17:39:10 [INFO]: Loading App... 

yyyy-12-01 17:39:10 [INFO]: Loading Middlewares...
yyyy-12-01 17:39:10 [INFO]: All Middlewares Loaded...

yyyy-12-01 17:39:10 [INFO]: Mounting Routes...
yyyy-12-01 17:39:10 [INFO]: Root Router mounted at: /
yyyy-12-01 17:39:10 [INFO]: Routes Mounted... 

yyyy-12-01 17:39:10 [INFO]: Loading Middlewares...
yyyy-12-01 17:39:10 [INFO]: All Middlewares Loaded...

yyyy-12-01 17:39:10 [INFO]: Mounting Routes...
yyyy-12-01 17:39:10 [INFO]: Root Router mounted at: /
yyyy-12-01 17:39:10 [INFO]: Routes Mounted... 

yyyy-12-01 17:39:10 [INFO]: Loading Middlewares...
yyyy-12-01 17:39:10 [INFO]: All Middlewares Loaded...

yyyy-12-01 17:39:10 [INFO]: Mounting Routes...
yyyy-12-01 17:39:10 [INFO]: Root Router mounted at: /
yyyy-12-01 17:39:10 [INFO]: Routes Mounted... 

yyyy-12-01 17:39:10 [INFO]: Server is running at http://localhost:3000 with 9865

yyyy-12-01 17:39:10 [INFO]: Server is running at http://localhost:3000 with 9892

yyyy-12-01 17:39:10 [INFO]: Server is running at http://localhost:3000 with 9874

yyyy-12-01 17:39:10 [INFO]: Loading App... 

yyyy-12-01 17:39:10 [INFO]: MongoDB connected 

yyyy-12-01 17:39:10 [INFO]: MongoDB connected 

yyyy-12-01 17:39:10 [INFO]: Loading Middlewares...
yyyy-12-01 17:39:10 [INFO]: All Middlewares Loaded...

yyyy-12-01 17:39:10 [INFO]: Mounting Routes...
yyyy-12-01 17:39:10 [INFO]: Root Router mounted at: /
yyyy-12-01 17:39:10 [INFO]: Routes Mounted... 

yyyy-12-01 17:39:10 [INFO]: Loading Middlewares...
yyyy-12-01 17:39:10 [INFO]: All Middlewares Loaded...

yyyy-12-01 17:39:10 [INFO]: Mounting Routes...
yyyy-12-01 17:39:10 [INFO]: Root Router mounted at: /
yyyy-12-01 17:39:10 [INFO]: Routes Mounted... 

yyyy-12-01 17:39:10 [INFO]: Server is running at http://localhost:3000 with 9880

yyyy-12-01 17:39:10 [INFO]: Server is running at http://localhost:3000 with 9886

yyyy-12-01 17:39:10 [INFO]: Loading App... 

yyyy-12-01 17:39:10 [INFO]: Loading App... 

yyyy-12-01 17:39:10 [INFO]: MongoDB connected 

yyyy-12-01 17:39:10 [INFO]: Loading Middlewares...
yyyy-12-01 17:39:10 [INFO]: All Middlewares Loaded...

yyyy-12-01 17:39:10 [INFO]: Mounting Routes...
yyyy-12-01 17:39:10 [INFO]: Root Router mounted at: /
yyyy-12-01 17:39:10 [INFO]: Routes Mounted... 

yyyy-12-01 17:39:10 [INFO]: Server is running at http://localhost:3000 with 9867

yyyy-12-01 17:39:10 [INFO]: MongoDB connected 

yyyy-12-01 17:39:10 [INFO]: Loading Middlewares...
yyyy-12-01 17:39:10 [INFO]: All Middlewares Loaded...

yyyy-12-01 17:39:10 [INFO]: Mounting Routes...
yyyy-12-01 17:39:10 [INFO]: Root Router mounted at: /
yyyy-12-01 17:39:10 [INFO]: Routes Mounted... 

yyyy-12-01 17:39:10 [INFO]: Server is running at http://localhost:3000 with 9868

yyyy-12-01 19:39:40 [INFO]: Loading App... 

yyyy-12-01 19:39:40 [INFO]: Loading App... 

yyyy-12-01 19:39:40 [INFO]: Loading App... 

yyyy-12-01 19:39:40 [INFO]: MongoDB connected 

yyyy-12-01 19:39:40 [INFO]: MongoDB connected 

yyyy-12-01 19:39:40 [INFO]: Loading App... 

yyyy-12-01 19:39:40 [INFO]: MongoDB connected 

yyyy-12-01 19:39:40 [INFO]: Loading App... 

yyyy-12-01 19:39:40 [INFO]: Loading Middlewares...
yyyy-12-01 19:39:40 [INFO]: All Middlewares Loaded...

yyyy-12-01 19:39:40 [INFO]: Mounting Routes...
yyyy-12-01 19:39:40 [INFO]: Root Router mounted at: /
yyyy-12-01 19:39:40 [INFO]: Routes Mounted... 

yyyy-12-01 19:39:40 [INFO]: Loading Middlewares...
yyyy-12-01 19:39:40 [INFO]: All Middlewares Loaded...

yyyy-12-01 19:39:40 [INFO]: Mounting Routes...
yyyy-12-01 19:39:40 [INFO]: Root Router mounted at: /
yyyy-12-01 19:39:40 [INFO]: Routes Mounted... 

yyyy-12-01 19:39:40 [INFO]: Loading App... 

yyyy-12-01 19:39:40 [INFO]: Loading Middlewares...
yyyy-12-01 19:39:40 [INFO]: All Middlewares Loaded...

yyyy-12-01 19:39:40 [INFO]: Mounting Routes...
yyyy-12-01 19:39:40 [INFO]: Root Router mounted at: /
yyyy-12-01 19:39:40 [INFO]: Routes Mounted... 

yyyy-12-01 19:39:40 [INFO]: Server is running at http://localhost:3000 with 12829

yyyy-12-01 19:39:40 [INFO]: Server is running at http://localhost:3000 with 12820

yyyy-12-01 19:39:40 [INFO]: Server is running at http://localhost:3000 with 12841

yyyy-12-01 19:39:40 [INFO]: MongoDB connected 

yyyy-12-01 19:39:40 [INFO]: MongoDB connected 

yyyy-12-01 19:39:40 [INFO]: MongoDB connected 

yyyy-12-01 19:39:40 [INFO]: Loading Middlewares...
yyyy-12-01 19:39:40 [INFO]: All Middlewares Loaded...

yyyy-12-01 19:39:40 [INFO]: Mounting Routes...
yyyy-12-01 19:39:40 [INFO]: Root Router mounted at: /
yyyy-12-01 19:39:40 [INFO]: Routes Mounted... 

yyyy-12-01 19:39:40 [INFO]: Loading Middlewares...
yyyy-12-01 19:39:40 [INFO]: All Middlewares Loaded...

yyyy-12-01 19:39:40 [INFO]: Mounting Routes...
yyyy-12-01 19:39:40 [INFO]: Root Router mounted at: /
yyyy-12-01 19:39:40 [INFO]: Routes Mounted... 

yyyy-12-01 19:39:40 [INFO]: Server is running at http://localhost:3000 with 12823

yyyy-12-01 19:39:40 [INFO]: Server is running at http://localhost:3000 with 12835

yyyy-12-01 19:39:40 [INFO]: Loading Middlewares...
yyyy-12-01 19:39:40 [INFO]: All Middlewares Loaded...

yyyy-12-01 19:39:40 [INFO]: Mounting Routes...
yyyy-12-01 19:39:40 [INFO]: Root Router mounted at: /
yyyy-12-01 19:39:40 [INFO]: Routes Mounted... 

yyyy-12-01 19:39:40 [INFO]: Server is running at http://localhost:3000 with 12821

yyyy-12-01 19:39:40 [INFO]: Loading App... 

yyyy-12-01 19:39:40 [INFO]: Loading App... 

yyyy-12-01 19:39:40 [INFO]: MongoDB connected 

yyyy-12-01 19:39:40 [INFO]: Loading Middlewares...
yyyy-12-01 19:39:40 [INFO]: All Middlewares Loaded...

yyyy-12-01 19:39:40 [INFO]: Mounting Routes...
yyyy-12-01 19:39:40 [INFO]: Root Router mounted at: /
yyyy-12-01 19:39:40 [INFO]: Routes Mounted... 

yyyy-12-01 19:39:40 [INFO]: Server is running at http://localhost:3000 with 12847

yyyy-12-01 19:39:40 [INFO]: MongoDB connected 

yyyy-12-01 19:39:40 [INFO]: Loading Middlewares...
yyyy-12-01 19:39:40 [INFO]: All Middlewares Loaded...

yyyy-12-01 19:39:40 [INFO]: Mounting Routes...
yyyy-12-01 19:39:40 [INFO]: Root Router mounted at: /
yyyy-12-01 19:39:40 [INFO]: Routes Mounted... 

yyyy-12-01 19:39:40 [INFO]: Server is running at http://localhost:3000 with 12822

yyyy-12-01 19:39:49 [INFO]: Middleware 1 executed on process pid 12820
yyyy-12-01 19:39:58 [INFO]: Middleware 1 executed on process pid 12829
yyyy-12-01 19:39:58 [INFO]: Middleware 1 executed on process pid 12829
yyyy-12-01 19:39:58 [INFO]: Middleware 1 executed on process pid 12829
yyyy-12-01 19:39:58 [INFO]: Middleware 1 executed on process pid 12829
yyyy-12-01 19:39:58 [INFO]: Middleware 1 executed on process pid 12829
yyyy-12-01 19:39:59 [INFO]: Middleware 1 executed on process pid 12829
yyyy-12-01 19:39:59 [INFO]: Middleware 1 executed on process pid 12829
yyyy-12-01 19:39:59 [INFO]: Middleware 1 executed on process pid 12829
yyyy-12-01 19:39:59 [INFO]: Middleware 1 executed on process pid 12829
yyyy-12-01 19:39:59 [INFO]: Middleware 1 executed on process pid 12829
yyyy-12-01 19:39:59 [INFO]: Middleware 1 executed on process pid 12829
yyyy-12-01 19:40:00 [INFO]: Middleware 1 executed on process pid 12829
yyyy-12-01 19:40:00 [INFO]: Middleware 1 executed on process pid 12829
yyyy-12-01 19:40:00 [INFO]: Middleware 1 executed on process pid 12829
yyyy-12-01 19:40:00 [INFO]: Middleware 1 executed on process pid 12829
yyyy-12-01 19:40:00 [INFO]: Middleware 1 executed on process pid 12829
yyyy-12-01 19:40:00 [INFO]: Middleware 1 executed on process pid 12829
yyyy-12-01 19:40:00 [INFO]: Middleware 1 executed on process pid 12829
yyyy-12-01 19:40:01 [INFO]: Middleware 1 executed on process pid 12829
yyyy-12-01 19:40:01 [INFO]: Middleware 1 executed on process pid 12829
yyyy-12-01 19:40:01 [INFO]: Middleware 1 executed on process pid 12829
yyyy-12-01 19:40:01 [INFO]: Middleware 1 executed on process pid 12829
yyyy-12-01 19:40:01 [INFO]: Middleware 1 executed on process pid 12829
yyyy-12-01 19:40:01 [INFO]: Middleware 1 executed on process pid 12829
yyyy-12-01 19:40:02 [INFO]: Middleware 1 executed on process pid 12829
yyyy-12-01 19:40:02 [INFO]: Middleware 1 executed on process pid 12829
yyyy-12-01 19:41:06 [INFO]: Middleware 1 executed on process pid 12823
yyyy-12-01 19:41:06 [INFO]: Middleware 1 executed on process pid 12823
yyyy-12-01 19:41:06 [INFO]: Middleware 1 executed on process pid 12823
yyyy-12-01 19:41:06 [INFO]: Middleware 1 executed on process pid 12823
yyyy-12-01 19:41:06 [INFO]: Middleware 1 executed on process pid 12823
yyyy-12-01 19:41:07 [INFO]: Middleware 1 executed on process pid 12823
yyyy-12-01 19:41:07 [INFO]: Middleware 1 executed on process pid 12823
yyyy-12-01 19:41:07 [INFO]: Middleware 1 executed on process pid 12823
yyyy-12-01 19:41:07 [INFO]: Middleware 1 executed on process pid 12823
yyyy-12-01 19:41:07 [INFO]: Middleware 1 executed on process pid 12823
yyyy-12-01 19:41:07 [INFO]: Middleware 1 executed on process pid 12823
yyyy-12-01 19:41:07 [INFO]: Middleware 1 executed on process pid 12823
yyyy-12-01 19:41:08 [INFO]: Middleware 1 executed on process pid 12823
yyyy-12-01 19:41:08 [INFO]: Middleware 1 executed on process pid 12823
yyyy-12-01 19:41:08 [INFO]: Middleware 1 executed on process pid 12823
yyyy-12-01 19:41:08 [INFO]: Middleware 1 executed on process pid 12823
yyyy-12-01 19:41:08 [INFO]: Middleware 1 executed on process pid 12823
yyyy-12-01 19:41:08 [INFO]: Middleware 1 executed on process pid 12823
yyyy-12-01 19:41:09 [INFO]: Middleware 1 executed on process pid 12823
yyyy-12-01 19:41:09 [INFO]: Middleware 1 executed on process pid 12823
yyyy-12-01 19:41:09 [INFO]: Middleware 1 executed on process pid 12823
yyyy-12-01 19:41:09 [INFO]: Middleware 1 executed on process pid 12823
yyyy-12-01 19:41:09 [INFO]: Middleware 1 executed on process pid 12823
yyyy-12-01 19:41:09 [INFO]: Middleware 1 executed on process pid 12823
yyyy-12-01 19:41:10 [INFO]: Middleware 1 executed on process pid 12823
yyyy-12-01 19:41:10 [INFO]: Middleware 1 executed on process pid 12823
yyyy-12-01 19:41:10 [INFO]: Middleware 1 executed on process pid 12823
yyyy-12-01 19:41:10 [INFO]: Middleware 1 executed on process pid 12823
yyyy-12-01 19:41:10 [INFO]: Middleware 1 executed on process pid 12823
yyyy-12-01 19:41:10 [INFO]: Middleware 1 executed on process pid 12823
yyyy-12-01 19:41:10 [INFO]: Middleware 1 executed on process pid 12823
yyyy-12-01 19:41:11 [INFO]: Middleware 1 executed on process pid 12823
yyyy-12-01 19:41:11 [INFO]: Middleware 1 executed on process pid 12823
yyyy-12-01 19:41:11 [INFO]: Middleware 1 executed on process pid 12823
yyyy-12-01 19:41:11 [INFO]: Middleware 1 executed on process pid 12823
yyyy-12-01 19:41:11 [INFO]: Middleware 1 executed on process pid 12823
yyyy-12-01 19:41:11 [INFO]: Middleware 1 executed on process pid 12823
yyyy-12-01 19:41:12 [INFO]: Middleware 1 executed on process pid 12823
yyyy-12-01 19:41:12 [INFO]: Middleware 1 executed on process pid 12823
yyyy-12-01 19:41:12 [INFO]: Middleware 1 executed on process pid 12823
yyyy-12-01 19:41:12 [INFO]: Middleware 1 executed on process pid 12823
yyyy-12-01 19:41:12 [INFO]: Middleware 1 executed on process pid 12823
yyyy-12-01 19:41:13 [INFO]: Middleware 1 executed on process pid 12823
yyyy-12-01 19:41:13 [INFO]: Middleware 1 executed on process pid 12823
yyyy-12-01 19:41:13 [INFO]: Middleware 1 executed on process pid 12823
yyyy-12-01 19:41:13 [INFO]: Middleware 1 executed on process pid 12823
yyyy-12-01 19:41:13 [INFO]: Middleware 1 executed on process pid 12823
yyyy-12-01 19:41:14 [INFO]: Middleware 1 executed on process pid 12823
yyyy-12-01 19:41:15 [INFO]: Middleware 1 executed on process pid 12823
yyyy-12-01 19:41:15 [INFO]: Middleware 1 executed on process pid 12823
yyyy-12-01 19:41:15 [INFO]: Middleware 1 executed on process pid 12823
yyyy-12-01 19:41:15 [INFO]: Middleware 1 executed on process pid 12823
yyyy-12-01 19:41:15 [INFO]: Middleware 1 executed on process pid 12823
yyyy-12-01 19:41:15 [INFO]: Middleware 1 executed on process pid 12823
yyyy-12-01 19:41:16 [INFO]: Middleware 1 executed on process pid 12823
yyyy-12-01 19:41:16 [INFO]: Middleware 1 executed on process pid 12823
yyyy-12-01 19:41:16 [INFO]: Middleware 1 executed on process pid 12823
yyyy-12-01 19:41:16 [INFO]: Middleware 1 executed on process pid 12823
yyyy-12-01 19:41:16 [INFO]: Middleware 1 executed on process pid 12823
yyyy-12-01 19:41:17 [INFO]: Middleware 1 executed on process pid 12823
yyyy-12-01 19:41:39 [INFO]: Middleware 1 executed on process pid 12835
yyyy-12-01 19:41:41 [INFO]: Middleware 1 executed on process pid 12835
yyyy-12-01 19:41:42 [INFO]: Middleware 1 executed on process pid 12835
