yyyy-01-05 14:11:15 [INFO]: Loading App... 

yyyy-01-05 14:11:15 [INFO]: MongoDB connected 

yyyy-01-05 14:11:15 [INFO]: Loading Middlewares...
yyyy-01-05 14:11:15 [INFO]: All Middlewares Loaded...

yyyy-01-05 14:11:15 [INFO]: Mounting Routes...
yyyy-01-05 14:11:15 [INFO]: Products Router mounted at: /products
yyyy-01-05 14:11:15 [INFO]: Routes Mounted... 

yyyy-01-05 14:11:15 [INFO]: Server is running at http://localhost:8000 with 13048

yyyy-01-05 14:20:30 [INFO]: Loading App... 

yyyy-01-05 14:20:30 [INFO]: MongoDB connected 

yyyy-01-05 14:20:30 [INFO]: Loading Middlewares...
yyyy-01-05 14:20:30 [INFO]: All Middlewares Loaded...

yyyy-01-05 14:20:30 [INFO]: Mounting Routes...
yyyy-01-05 14:20:30 [INFO]: Products Router mounted at: /products
yyyy-01-05 14:20:30 [INFO]: Routes Mounted... 

yyyy-01-05 14:20:30 [INFO]: Server is running at http://localhost:8000 with 13639

yyyy-01-05 14:20:31 [INFO]: Loading App... 

yyyy-01-05 14:20:31 [INFO]: MongoDB connected 

yyyy-01-05 14:20:31 [INFO]: Loading Middlewares...
yyyy-01-05 14:20:31 [INFO]: All Middlewares Loaded...

yyyy-01-05 14:20:31 [INFO]: Mounting Routes...
yyyy-01-05 14:20:31 [INFO]: Products Router mounted at: /products
yyyy-01-05 14:20:31 [INFO]: Routes Mounted... 

yyyy-01-05 14:20:31 [INFO]: Server is running at http://localhost:8000 with 13659

yyyy-01-05 14:23:24 [INFO]: Loading App... 

yyyy-01-05 14:23:24 [INFO]: MongoDB connected 

yyyy-01-05 14:23:24 [INFO]: Loading Middlewares...
yyyy-01-05 14:23:24 [INFO]: All Middlewares Loaded...

yyyy-01-05 14:23:24 [INFO]: Mounting Routes...
yyyy-01-05 14:23:24 [INFO]: Products Router mounted at: /products
yyyy-01-05 14:23:24 [INFO]: Routes Mounted... 

yyyy-01-05 14:23:24 [INFO]: Server is running at http://localhost:8000 with 13750

yyyy-01-05 14:23:29 [INFO]: Loading App... 

yyyy-01-05 14:23:29 [INFO]: MongoDB connected 

yyyy-01-05 14:23:29 [INFO]: Loading Middlewares...
yyyy-01-05 14:23:29 [INFO]: All Middlewares Loaded...

yyyy-01-05 14:23:29 [INFO]: Mounting Routes...
yyyy-01-05 14:23:29 [INFO]: Products Router mounted at: /products
yyyy-01-05 14:23:29 [INFO]: Routes Mounted... 

yyyy-01-05 14:23:29 [INFO]: Server is running at http://localhost:8000 with 13817

yyyy-01-05 14:23:36 [INFO]: Loading App... 

yyyy-01-05 14:23:36 [INFO]: MongoDB connected 

yyyy-01-05 14:23:36 [INFO]: Loading Middlewares...
yyyy-01-05 14:23:36 [INFO]: All Middlewares Loaded...

yyyy-01-05 14:23:36 [INFO]: Mounting Routes...
yyyy-01-05 14:23:36 [INFO]: Products Router mounted at: /products
yyyy-01-05 14:23:36 [INFO]: Routes Mounted... 

yyyy-01-05 14:23:36 [INFO]: Server is running at http://localhost:8000 with 13883

yyyy-01-05 14:23:37 [INFO]: Loading App... 

yyyy-01-05 14:23:37 [INFO]: MongoDB connected 

yyyy-01-05 14:23:37 [INFO]: Loading Middlewares...
yyyy-01-05 14:23:37 [INFO]: All Middlewares Loaded...

yyyy-01-05 14:23:37 [INFO]: Mounting Routes...
yyyy-01-05 14:23:37 [INFO]: Products Router mounted at: /products
yyyy-01-05 14:23:37 [INFO]: Routes Mounted... 

yyyy-01-05 14:23:37 [INFO]: Server is running at http://localhost:8000 with 13899

yyyy-01-05 14:23:55 [INFO]: Loading App... 

yyyy-01-05 14:23:55 [INFO]: MongoDB connected 

yyyy-01-05 14:23:55 [INFO]: Loading Middlewares...
yyyy-01-05 14:23:55 [INFO]: All Middlewares Loaded...

yyyy-01-05 14:23:55 [INFO]: Mounting Routes...
yyyy-01-05 14:23:55 [INFO]: Products Router mounted at: /products
yyyy-01-05 14:23:55 [INFO]: Routes Mounted... 

yyyy-01-05 14:23:55 [INFO]: Server is running at http://localhost:8000 with 13979

yyyy-01-05 14:23:58 [INFO]: Loading App... 

yyyy-01-05 14:23:58 [INFO]: MongoDB connected 

yyyy-01-05 14:23:58 [INFO]: Loading Middlewares...
yyyy-01-05 14:23:58 [INFO]: All Middlewares Loaded...

yyyy-01-05 14:23:58 [INFO]: Mounting Routes...
yyyy-01-05 14:23:58 [INFO]: Products Router mounted at: /products
yyyy-01-05 14:23:58 [INFO]: Routes Mounted... 

yyyy-01-05 14:23:58 [INFO]: Server is running at http://localhost:8000 with 14034

yyyy-01-05 14:24:16 [INFO]: Loading App... 

yyyy-01-05 14:24:16 [INFO]: MongoDB connected 

yyyy-01-05 14:24:16 [INFO]: Loading Middlewares...
yyyy-01-05 14:24:16 [INFO]: All Middlewares Loaded...

yyyy-01-05 14:24:16 [INFO]: Mounting Routes...
yyyy-01-05 14:24:16 [INFO]: Products Router mounted at: /products
yyyy-01-05 14:24:16 [INFO]: Routes Mounted... 

yyyy-01-05 14:24:16 [INFO]: Server is running at http://localhost:8000 with 14092

yyyy-01-05 14:24:21 [INFO]: Loading App... 

yyyy-01-05 14:24:21 [INFO]: MongoDB connected 

yyyy-01-05 14:24:21 [INFO]: Loading Middlewares...
yyyy-01-05 14:24:21 [INFO]: All Middlewares Loaded...

yyyy-01-05 14:24:21 [INFO]: Mounting Routes...
yyyy-01-05 14:24:21 [INFO]: Products Router mounted at: /products
yyyy-01-05 14:24:21 [INFO]: Routes Mounted... 

yyyy-01-05 14:24:21 [INFO]: Server is running at http://localhost:8000 with 14282

yyyy-01-05 14:24:58 [INFO]: Loading App... 

yyyy-01-05 14:24:58 [INFO]: MongoDB connected 

yyyy-01-05 14:24:58 [INFO]: Loading Middlewares...
yyyy-01-05 14:24:58 [INFO]: All Middlewares Loaded...

yyyy-01-05 14:24:58 [INFO]: Mounting Routes...
yyyy-01-05 14:24:58 [INFO]: Products Router mounted at: /products
yyyy-01-05 14:24:58 [INFO]: Routes Mounted... 

yyyy-01-05 14:24:58 [INFO]: Server is running at http://localhost:8000 with 14721

yyyy-01-05 14:26:58 [INFO]: Loading App... 

yyyy-01-05 14:26:58 [INFO]: MongoDB connected 

yyyy-01-05 14:26:58 [INFO]: Loading Middlewares...
yyyy-01-05 14:26:58 [INFO]: All Middlewares Loaded...

yyyy-01-05 14:26:58 [INFO]: Mounting Routes...
yyyy-01-05 14:26:58 [INFO]: Products Router mounted at: /products
yyyy-01-05 14:26:58 [INFO]: Routes Mounted... 

yyyy-01-05 14:26:58 [INFO]: Server is running at http://localhost:8000 with 14796

yyyy-01-05 14:26:59 [INFO]: Loading App... 

yyyy-01-05 14:27:00 [INFO]: MongoDB connected 

yyyy-01-05 14:27:00 [INFO]: Loading Middlewares...
yyyy-01-05 14:27:00 [INFO]: All Middlewares Loaded...

yyyy-01-05 14:27:00 [INFO]: Mounting Routes...
yyyy-01-05 14:27:00 [INFO]: Products Router mounted at: /products
yyyy-01-05 14:27:00 [INFO]: Routes Mounted... 

yyyy-01-05 14:27:00 [INFO]: Server is running at http://localhost:8000 with 14840

yyyy-01-05 14:27:00 [INFO]: Loading App... 

yyyy-01-05 14:27:00 [INFO]: MongoDB connected 

yyyy-01-05 14:27:00 [INFO]: Loading Middlewares...
yyyy-01-05 14:27:00 [INFO]: All Middlewares Loaded...

yyyy-01-05 14:27:00 [INFO]: Mounting Routes...
yyyy-01-05 14:27:00 [INFO]: Products Router mounted at: /products
yyyy-01-05 14:27:00 [INFO]: Routes Mounted... 

yyyy-01-05 14:27:00 [INFO]: Server is running at http://localhost:8000 with 14866

yyyy-01-05 14:27:01 [INFO]: Loading App... 

yyyy-01-05 14:27:01 [INFO]: MongoDB connected 

yyyy-01-05 14:27:01 [INFO]: Loading Middlewares...
yyyy-01-05 14:27:01 [INFO]: All Middlewares Loaded...

yyyy-01-05 14:27:01 [INFO]: Mounting Routes...
yyyy-01-05 14:27:01 [INFO]: Products Router mounted at: /products
yyyy-01-05 14:27:01 [INFO]: Routes Mounted... 

yyyy-01-05 14:27:01 [INFO]: Server is running at http://localhost:8000 with 14882

yyyy-01-05 14:29:20 [INFO]: Loading App... 

yyyy-01-05 14:29:20 [INFO]: MongoDB connected 

yyyy-01-05 14:29:20 [INFO]: Loading Middlewares...
yyyy-01-05 14:29:20 [INFO]: All Middlewares Loaded...

yyyy-01-05 14:29:20 [INFO]: Mounting Routes...
yyyy-01-05 14:29:20 [INFO]: Products Router mounted at: /products
yyyy-01-05 14:29:20 [INFO]: Routes Mounted... 

yyyy-01-05 14:29:20 [INFO]: Server is running at http://localhost:8000 with 14999

yyyy-01-05 14:29:26 [INFO]: Loading App... 

yyyy-01-05 14:29:26 [INFO]: MongoDB connected 

yyyy-01-05 14:29:26 [INFO]: Loading Middlewares...
yyyy-01-05 14:29:26 [INFO]: All Middlewares Loaded...

yyyy-01-05 14:29:26 [INFO]: Mounting Routes...
yyyy-01-05 14:29:26 [INFO]: Products Router mounted at: /products
yyyy-01-05 14:29:26 [INFO]: Routes Mounted... 

yyyy-01-05 14:29:26 [INFO]: Server is running at http://localhost:8000 with 15056

yyyy-01-05 14:29:29 [INFO]: Loading App... 

yyyy-01-05 14:29:29 [INFO]: MongoDB connected 

yyyy-01-05 14:29:29 [INFO]: Loading Middlewares...
yyyy-01-05 14:29:29 [INFO]: All Middlewares Loaded...

yyyy-01-05 14:29:29 [INFO]: Mounting Routes...
yyyy-01-05 14:29:29 [INFO]: Products Router mounted at: /products
yyyy-01-05 14:29:29 [INFO]: Routes Mounted... 

yyyy-01-05 14:29:29 [INFO]: Server is running at http://localhost:8000 with 15170

yyyy-01-05 14:29:37 [INFO]: Loading App... 

yyyy-01-05 14:29:37 [INFO]: MongoDB connected 

yyyy-01-05 14:29:37 [INFO]: Loading Middlewares...
yyyy-01-05 14:29:37 [INFO]: All Middlewares Loaded...

yyyy-01-05 14:29:37 [INFO]: Mounting Routes...
yyyy-01-05 14:29:37 [INFO]: Products Router mounted at: /products
yyyy-01-05 14:29:37 [INFO]: Routes Mounted... 

yyyy-01-05 14:29:37 [INFO]: Server is running at http://localhost:8000 with 15227

yyyy-01-05 14:29:39 [INFO]: Loading App... 

yyyy-01-05 14:29:39 [INFO]: MongoDB connected 

yyyy-01-05 14:29:39 [INFO]: Loading Middlewares...
yyyy-01-05 14:29:39 [INFO]: All Middlewares Loaded...

yyyy-01-05 14:29:39 [INFO]: Mounting Routes...
yyyy-01-05 14:29:39 [INFO]: Products Router mounted at: /products
yyyy-01-05 14:29:39 [INFO]: Routes Mounted... 

yyyy-01-05 14:29:39 [INFO]: Server is running at http://localhost:8000 with 15270

yyyy-01-05 14:29:42 [INFO]: Loading App... 

yyyy-01-05 14:29:42 [INFO]: MongoDB connected 

yyyy-01-05 14:29:42 [INFO]: Loading Middlewares...
yyyy-01-05 14:29:42 [INFO]: All Middlewares Loaded...

yyyy-01-05 14:29:42 [INFO]: Mounting Routes...
yyyy-01-05 14:29:42 [INFO]: Products Router mounted at: /products
yyyy-01-05 14:29:42 [INFO]: Routes Mounted... 

yyyy-01-05 14:29:42 [INFO]: Server is running at http://localhost:8000 with 15297

yyyy-01-05 14:29:43 [INFO]: Loading App... 

yyyy-01-05 14:29:43 [INFO]: MongoDB connected 

yyyy-01-05 14:29:43 [INFO]: Loading Middlewares...
yyyy-01-05 14:29:43 [INFO]: All Middlewares Loaded...

yyyy-01-05 14:29:43 [INFO]: Mounting Routes...
yyyy-01-05 14:29:43 [INFO]: Products Router mounted at: /products
yyyy-01-05 14:29:43 [INFO]: Routes Mounted... 

yyyy-01-05 14:29:43 [INFO]: Server is running at http://localhost:8000 with 15327

yyyy-01-05 14:49:35 [INFO]: Loading App... 

yyyy-01-05 14:49:35 [INFO]: MongoDB connected 

yyyy-01-05 14:49:35 [INFO]: Loading Middlewares...
yyyy-01-05 14:49:35 [INFO]: All Middlewares Loaded...

yyyy-01-05 14:49:35 [INFO]: Mounting Routes...
yyyy-01-05 14:49:35 [INFO]: Products Router mounted at: /products
yyyy-01-05 14:49:35 [INFO]: Routes Mounted... 

yyyy-01-05 14:49:35 [INFO]: Server is running at http://localhost:8000 with 16545

yyyy-01-05 14:49:39 [INFO]: Loading App... 

yyyy-01-05 14:49:39 [INFO]: MongoDB connected 

yyyy-01-05 14:49:39 [INFO]: Loading Middlewares...
yyyy-01-05 14:49:39 [INFO]: All Middlewares Loaded...

yyyy-01-05 14:49:39 [INFO]: Mounting Routes...
yyyy-01-05 14:49:39 [INFO]: Products Router mounted at: /products
yyyy-01-05 14:49:39 [INFO]: Routes Mounted... 

yyyy-01-05 14:49:39 [INFO]: Server is running at http://localhost:8000 with 16600

yyyy-01-05 14:49:41 [INFO]: Loading App... 

yyyy-01-05 14:49:41 [INFO]: MongoDB connected 

yyyy-01-05 14:49:41 [INFO]: Loading Middlewares...
yyyy-01-05 14:49:41 [INFO]: All Middlewares Loaded...

yyyy-01-05 14:49:41 [INFO]: Mounting Routes...
yyyy-01-05 14:49:41 [INFO]: Products Router mounted at: /products
yyyy-01-05 14:49:41 [INFO]: Routes Mounted... 

yyyy-01-05 14:49:41 [INFO]: Server is running at http://localhost:8000 with 16648

yyyy-01-05 14:49:41 [INFO]: Loading App... 

yyyy-01-05 14:49:41 [INFO]: MongoDB connected 

yyyy-01-05 14:49:41 [INFO]: Loading Middlewares...
yyyy-01-05 14:49:41 [INFO]: All Middlewares Loaded...

yyyy-01-05 14:49:41 [INFO]: Mounting Routes...
yyyy-01-05 14:49:41 [INFO]: Products Router mounted at: /products
yyyy-01-05 14:49:41 [INFO]: Routes Mounted... 

yyyy-01-05 14:49:41 [INFO]: Server is running at http://localhost:8000 with 16664

yyyy-01-05 14:49:42 [INFO]: Loading App... 

yyyy-01-05 14:49:42 [INFO]: MongoDB connected 

yyyy-01-05 14:49:42 [INFO]: Loading Middlewares...
yyyy-01-05 14:49:42 [INFO]: All Middlewares Loaded...

yyyy-01-05 14:49:42 [INFO]: Mounting Routes...
yyyy-01-05 14:49:42 [INFO]: Products Router mounted at: /products
yyyy-01-05 14:49:42 [INFO]: Routes Mounted... 

yyyy-01-05 14:49:42 [INFO]: Server is running at http://localhost:8000 with 16704

yyyy-01-05 14:49:43 [INFO]: Loading App... 

yyyy-01-05 14:49:43 [INFO]: MongoDB connected 

yyyy-01-05 14:49:43 [INFO]: Loading Middlewares...
yyyy-01-05 14:49:43 [INFO]: All Middlewares Loaded...

yyyy-01-05 14:49:43 [INFO]: Mounting Routes...
yyyy-01-05 14:49:43 [INFO]: Products Router mounted at: /products
yyyy-01-05 14:49:43 [INFO]: Routes Mounted... 

yyyy-01-05 14:49:43 [INFO]: Server is running at http://localhost:8000 with 16740

yyyy-01-05 14:49:45 [INFO]: Loading App... 

yyyy-01-05 14:49:45 [INFO]: Loading App... 

yyyy-01-05 14:49:45 [INFO]: MongoDB connected 

yyyy-01-05 14:49:45 [INFO]: Loading Middlewares...
yyyy-01-05 14:49:45 [INFO]: All Middlewares Loaded...

yyyy-01-05 14:49:45 [INFO]: Mounting Routes...
yyyy-01-05 14:49:45 [INFO]: Products Router mounted at: /products
yyyy-01-05 14:49:45 [INFO]: Routes Mounted... 

yyyy-01-05 14:49:45 [INFO]: Server is running at http://localhost:8000 with 16811

yyyy-01-05 14:49:47 [INFO]: Loading App... 

yyyy-01-05 14:49:47 [INFO]: MongoDB connected 

yyyy-01-05 14:49:47 [INFO]: Loading Middlewares...
yyyy-01-05 14:49:47 [INFO]: All Middlewares Loaded...

yyyy-01-05 14:49:47 [INFO]: Mounting Routes...
yyyy-01-05 14:49:47 [INFO]: Products Router mounted at: /products
yyyy-01-05 14:49:47 [INFO]: Routes Mounted... 

yyyy-01-05 14:49:47 [INFO]: Server is running at http://localhost:8000 with 16878

yyyy-01-05 14:49:48 [INFO]: Loading App... 

yyyy-01-05 14:49:48 [INFO]: MongoDB connected 

yyyy-01-05 14:49:48 [INFO]: Loading Middlewares...
yyyy-01-05 14:49:48 [INFO]: All Middlewares Loaded...

yyyy-01-05 14:49:48 [INFO]: Mounting Routes...
yyyy-01-05 14:49:48 [INFO]: Products Router mounted at: /products
yyyy-01-05 14:49:48 [INFO]: Routes Mounted... 

yyyy-01-05 14:49:48 [INFO]: Server is running at http://localhost:8000 with 16918

yyyy-01-05 14:49:52 [INFO]: Loading App... 

yyyy-01-05 14:49:52 [INFO]: MongoDB connected 

yyyy-01-05 14:49:52 [INFO]: Loading Middlewares...
yyyy-01-05 14:49:52 [INFO]: All Middlewares Loaded...

yyyy-01-05 14:49:52 [INFO]: Mounting Routes...
yyyy-01-05 14:49:52 [INFO]: Products Router mounted at: /products
yyyy-01-05 14:49:52 [INFO]: Routes Mounted... 

yyyy-01-05 14:49:52 [INFO]: Server is running at http://localhost:8000 with 17000

yyyy-01-05 14:49:56 [INFO]: Loading App... 

yyyy-01-05 14:49:56 [INFO]: MongoDB connected 

yyyy-01-05 14:49:56 [INFO]: Loading Middlewares...
yyyy-01-05 14:49:56 [INFO]: All Middlewares Loaded...

yyyy-01-05 14:49:56 [INFO]: Mounting Routes...
yyyy-01-05 14:49:56 [INFO]: Products Router mounted at: /products
yyyy-01-05 14:49:56 [INFO]: Routes Mounted... 

yyyy-01-05 14:49:56 [INFO]: Server is running at http://localhost:8000 with 17029

yyyy-01-05 14:49:57 [INFO]: Loading App... 

yyyy-01-05 14:49:57 [INFO]: MongoDB connected 

yyyy-01-05 14:49:57 [INFO]: Loading Middlewares...
yyyy-01-05 14:49:57 [INFO]: All Middlewares Loaded...

yyyy-01-05 14:49:57 [INFO]: Mounting Routes...
yyyy-01-05 14:49:57 [INFO]: Products Router mounted at: /products
yyyy-01-05 14:49:57 [INFO]: Routes Mounted... 

yyyy-01-05 14:49:57 [INFO]: Server is running at http://localhost:8000 with 17103

yyyy-01-05 14:50:03 [INFO]: Loading App... 

yyyy-01-05 14:50:03 [INFO]: MongoDB connected 

yyyy-01-05 14:50:03 [INFO]: Loading Middlewares...
yyyy-01-05 14:50:03 [INFO]: All Middlewares Loaded...

yyyy-01-05 14:50:03 [INFO]: Mounting Routes...
yyyy-01-05 14:50:03 [INFO]: Products Router mounted at: /products
yyyy-01-05 14:50:03 [INFO]: Routes Mounted... 

yyyy-01-05 14:50:03 [INFO]: Server is running at http://localhost:8000 with 17225

yyyy-01-05 14:50:03 [INFO]: Loading App... 

yyyy-01-05 14:50:03 [INFO]: MongoDB connected 

yyyy-01-05 14:50:03 [INFO]: Loading Middlewares...
yyyy-01-05 14:50:03 [INFO]: All Middlewares Loaded...

yyyy-01-05 14:50:03 [INFO]: Mounting Routes...
yyyy-01-05 14:50:03 [INFO]: Products Router mounted at: /products
yyyy-01-05 14:50:03 [INFO]: Routes Mounted... 

yyyy-01-05 14:50:03 [INFO]: Server is running at http://localhost:8000 with 17241

yyyy-01-05 14:50:04 [INFO]: Loading App... 

yyyy-01-05 14:50:04 [INFO]: MongoDB connected 

yyyy-01-05 14:50:04 [INFO]: Loading Middlewares...
yyyy-01-05 14:50:04 [INFO]: All Middlewares Loaded...

yyyy-01-05 14:50:04 [INFO]: Mounting Routes...
yyyy-01-05 14:50:04 [INFO]: Products Router mounted at: /products
yyyy-01-05 14:50:04 [INFO]: Routes Mounted... 

yyyy-01-05 14:50:04 [INFO]: Server is running at http://localhost:8000 with 17257

yyyy-01-05 14:50:06 [INFO]: Loading App... 

yyyy-01-05 14:50:06 [INFO]: MongoDB connected 

yyyy-01-05 14:50:06 [INFO]: Loading Middlewares...
yyyy-01-05 14:50:06 [INFO]: All Middlewares Loaded...

yyyy-01-05 14:50:06 [INFO]: Mounting Routes...
yyyy-01-05 14:50:06 [INFO]: Products Router mounted at: /products
yyyy-01-05 14:50:06 [INFO]: Routes Mounted... 

yyyy-01-05 14:50:06 [INFO]: Server is running at http://localhost:8000 with 17298

yyyy-01-05 14:50:06 [INFO]: Loading App... 

yyyy-01-05 14:50:06 [INFO]: MongoDB connected 

yyyy-01-05 14:50:06 [INFO]: Loading Middlewares...
yyyy-01-05 14:50:06 [INFO]: All Middlewares Loaded...

yyyy-01-05 14:50:06 [INFO]: Mounting Routes...
yyyy-01-05 14:50:06 [INFO]: Products Router mounted at: /products
yyyy-01-05 14:50:06 [INFO]: Routes Mounted... 

yyyy-01-05 14:50:06 [INFO]: Server is running at http://localhost:8000 with 17327

yyyy-01-05 14:51:13 [INFO]: Loading App... 

yyyy-01-05 14:51:14 [INFO]: MongoDB connected 

yyyy-01-05 14:51:14 [INFO]: Loading Middlewares...
yyyy-01-05 14:51:14 [INFO]: All Middlewares Loaded...

yyyy-01-05 14:51:14 [INFO]: Mounting Routes...
yyyy-01-05 14:51:14 [INFO]: Products Router mounted at: /products
yyyy-01-05 14:51:14 [INFO]: Routes Mounted... 

yyyy-01-05 14:51:14 [INFO]: Server is running at http://localhost:8000 with 18069

yyyy-01-05 14:51:46 [INFO]: Loading App... 

yyyy-01-05 14:51:46 [INFO]: MongoDB connected 

yyyy-01-05 14:51:46 [INFO]: Loading Middlewares...
yyyy-01-05 14:51:46 [INFO]: All Middlewares Loaded...

yyyy-01-05 14:51:46 [INFO]: Mounting Routes...
yyyy-01-05 14:51:46 [INFO]: Products Router mounted at: /products
yyyy-01-05 14:51:46 [INFO]: Routes Mounted... 

yyyy-01-05 14:51:46 [INFO]: Server is running at http://localhost:8000 with 18177

yyyy-01-05 14:51:47 [INFO]: Loading App... 

yyyy-01-05 14:51:47 [INFO]: MongoDB connected 

yyyy-01-05 14:51:47 [INFO]: Loading Middlewares...
yyyy-01-05 14:51:47 [INFO]: All Middlewares Loaded...

yyyy-01-05 14:51:47 [INFO]: Mounting Routes...
yyyy-01-05 14:51:47 [INFO]: Products Router mounted at: /products
yyyy-01-05 14:51:47 [INFO]: Routes Mounted... 

yyyy-01-05 14:51:47 [INFO]: Server is running at http://localhost:8000 with 18194

yyyy-01-05 14:51:50 [INFO]: Loading App... 

yyyy-01-05 14:51:51 [INFO]: MongoDB connected 

yyyy-01-05 14:51:51 [INFO]: Loading Middlewares...
yyyy-01-05 14:51:51 [INFO]: All Middlewares Loaded...

yyyy-01-05 14:51:51 [INFO]: Mounting Routes...
yyyy-01-05 14:51:51 [INFO]: Products Router mounted at: /products
yyyy-01-05 14:51:51 [INFO]: Routes Mounted... 

yyyy-01-05 14:51:51 [INFO]: Server is running at http://localhost:8000 with 18289

yyyy-01-05 14:51:57 [INFO]: Loading App... 

yyyy-01-05 14:51:57 [INFO]: MongoDB connected 

yyyy-01-05 14:51:57 [INFO]: Loading Middlewares...
yyyy-01-05 14:51:57 [INFO]: All Middlewares Loaded...

yyyy-01-05 14:51:57 [INFO]: Mounting Routes...
yyyy-01-05 14:51:57 [INFO]: Products Router mounted at: /products
yyyy-01-05 14:51:57 [INFO]: Routes Mounted... 

yyyy-01-05 14:51:57 [INFO]: Server is running at http://localhost:8000 with 18363

yyyy-01-05 14:51:59 [INFO]: Loading App... 

yyyy-01-05 14:51:59 [INFO]: MongoDB connected 

yyyy-01-05 14:51:59 [INFO]: Loading Middlewares...
yyyy-01-05 14:51:59 [INFO]: All Middlewares Loaded...

yyyy-01-05 14:51:59 [INFO]: Mounting Routes...
yyyy-01-05 14:51:59 [INFO]: Products Router mounted at: /products
yyyy-01-05 14:51:59 [INFO]: Routes Mounted... 

yyyy-01-05 14:51:59 [INFO]: Server is running at http://localhost:8000 with 18401

yyyy-01-05 14:52:05 [INFO]: Loading App... 

yyyy-01-05 14:52:05 [INFO]: MongoDB connected 

yyyy-01-05 14:52:05 [INFO]: Loading Middlewares...
yyyy-01-05 14:52:05 [INFO]: All Middlewares Loaded...

yyyy-01-05 14:52:05 [INFO]: Mounting Routes...
yyyy-01-05 14:52:05 [INFO]: Products Router mounted at: /products
yyyy-01-05 14:52:05 [INFO]: Routes Mounted... 

yyyy-01-05 14:52:05 [INFO]: Server is running at http://localhost:8000 with 18455

yyyy-01-05 14:52:05 [INFO]: Loading App... 

yyyy-01-05 14:52:05 [INFO]: MongoDB connected 

yyyy-01-05 14:52:05 [INFO]: Loading Middlewares...
yyyy-01-05 14:52:05 [INFO]: All Middlewares Loaded...

yyyy-01-05 14:52:05 [INFO]: Mounting Routes...
yyyy-01-05 14:52:05 [INFO]: Products Router mounted at: /products
yyyy-01-05 14:52:05 [INFO]: Routes Mounted... 

yyyy-01-05 14:52:05 [INFO]: Server is running at http://localhost:8000 with 18471

yyyy-01-05 14:52:05 [INFO]: Loading App... 

yyyy-01-05 14:52:05 [INFO]: MongoDB connected 

yyyy-01-05 14:52:05 [INFO]: Loading Middlewares...
yyyy-01-05 14:52:05 [INFO]: All Middlewares Loaded...

yyyy-01-05 14:52:05 [INFO]: Mounting Routes...
yyyy-01-05 14:52:05 [INFO]: Products Router mounted at: /products
yyyy-01-05 14:52:05 [INFO]: Routes Mounted... 

yyyy-01-05 14:52:05 [INFO]: Server is running at http://localhost:8000 with 18501

yyyy-01-05 14:52:19 [INFO]: Loading App... 

yyyy-01-05 14:52:19 [INFO]: MongoDB connected 

yyyy-01-05 14:52:19 [INFO]: Loading Middlewares...
yyyy-01-05 14:52:19 [INFO]: All Middlewares Loaded...

yyyy-01-05 14:52:19 [INFO]: Mounting Routes...
yyyy-01-05 14:52:19 [INFO]: Products Router mounted at: /products
yyyy-01-05 14:52:19 [INFO]: Routes Mounted... 

yyyy-01-05 14:52:19 [INFO]: Server is running at http://localhost:8000 with 18604

yyyy-01-05 14:52:21 [INFO]: Loading App... 

yyyy-01-05 14:52:21 [INFO]: MongoDB connected 

yyyy-01-05 14:52:21 [INFO]: Loading Middlewares...
yyyy-01-05 14:52:21 [INFO]: All Middlewares Loaded...

yyyy-01-05 14:52:21 [INFO]: Mounting Routes...
yyyy-01-05 14:52:21 [INFO]: Products Router mounted at: /products
yyyy-01-05 14:52:21 [INFO]: Routes Mounted... 

yyyy-01-05 14:52:21 [INFO]: Server is running at http://localhost:8000 with 18655

yyyy-01-05 14:52:23 [INFO]: Loading App... 

yyyy-01-05 14:52:23 [INFO]: MongoDB connected 

yyyy-01-05 14:52:23 [INFO]: Loading Middlewares...
yyyy-01-05 14:52:23 [INFO]: All Middlewares Loaded...

yyyy-01-05 14:52:23 [INFO]: Mounting Routes...
yyyy-01-05 14:52:23 [INFO]: Products Router mounted at: /products
yyyy-01-05 14:52:23 [INFO]: Routes Mounted... 

yyyy-01-05 14:52:23 [INFO]: Server is running at http://localhost:8000 with 18671

yyyy-01-05 14:52:24 [INFO]: Loading App... 

yyyy-01-05 14:52:24 [INFO]: MongoDB connected 

yyyy-01-05 14:52:24 [INFO]: Loading Middlewares...
yyyy-01-05 14:52:24 [INFO]: All Middlewares Loaded...

yyyy-01-05 14:52:24 [INFO]: Mounting Routes...
yyyy-01-05 14:52:24 [INFO]: Products Router mounted at: /products
yyyy-01-05 14:52:24 [INFO]: Routes Mounted... 

yyyy-01-05 14:52:24 [INFO]: Server is running at http://localhost:8000 with 18700

yyyy-01-05 14:52:25 [INFO]: Loading App... 

yyyy-01-05 14:52:25 [INFO]: MongoDB connected 

yyyy-01-05 14:52:25 [INFO]: Loading Middlewares...
yyyy-01-05 14:52:25 [INFO]: All Middlewares Loaded...

yyyy-01-05 14:52:25 [INFO]: Mounting Routes...
yyyy-01-05 14:52:25 [INFO]: Products Router mounted at: /products
yyyy-01-05 14:52:25 [INFO]: Routes Mounted... 

yyyy-01-05 14:52:25 [INFO]: Server is running at http://localhost:8000 with 18722

yyyy-01-05 14:52:26 [INFO]: Loading App... 

yyyy-01-05 14:52:26 [INFO]: MongoDB connected 

yyyy-01-05 14:52:26 [INFO]: Loading Middlewares...
yyyy-01-05 14:52:26 [INFO]: All Middlewares Loaded...

yyyy-01-05 14:52:26 [INFO]: Mounting Routes...
yyyy-01-05 14:52:26 [INFO]: Products Router mounted at: /products
yyyy-01-05 14:52:26 [INFO]: Routes Mounted... 

yyyy-01-05 14:52:26 [INFO]: Server is running at http://localhost:8000 with 18756

yyyy-01-05 14:52:28 [INFO]: Loading App... 

yyyy-01-05 14:52:28 [INFO]: MongoDB connected 

yyyy-01-05 14:52:28 [INFO]: Loading Middlewares...
yyyy-01-05 14:52:28 [INFO]: All Middlewares Loaded...

yyyy-01-05 14:52:28 [INFO]: Mounting Routes...
yyyy-01-05 14:52:28 [INFO]: Products Router mounted at: /products
yyyy-01-05 14:52:28 [INFO]: Routes Mounted... 

yyyy-01-05 14:52:28 [INFO]: Server is running at http://localhost:8000 with 18772

yyyy-01-05 14:52:53 [INFO]: Loading App... 

yyyy-01-05 14:52:53 [INFO]: MongoDB connected 

yyyy-01-05 14:52:53 [INFO]: Loading Middlewares...
yyyy-01-05 14:52:53 [INFO]: All Middlewares Loaded...

yyyy-01-05 14:52:53 [INFO]: Mounting Routes...
yyyy-01-05 14:52:53 [INFO]: Products Router mounted at: /products
yyyy-01-05 14:52:53 [INFO]: Routes Mounted... 

yyyy-01-05 14:52:53 [INFO]: Server is running at http://localhost:8000 with 18896

yyyy-01-05 14:52:58 [INFO]: Loading App... 

yyyy-01-05 14:52:58 [INFO]: MongoDB connected 

yyyy-01-05 14:52:58 [INFO]: Loading Middlewares...
yyyy-01-05 14:52:58 [INFO]: All Middlewares Loaded...

yyyy-01-05 14:52:58 [INFO]: Mounting Routes...
yyyy-01-05 14:52:58 [INFO]: Products Router mounted at: /products
yyyy-01-05 14:52:58 [INFO]: Routes Mounted... 

yyyy-01-05 14:52:58 [INFO]: Server is running at http://localhost:8000 with 18947

yyyy-01-05 14:52:59 [INFO]: Loading App... 

yyyy-01-05 14:52:59 [INFO]: MongoDB connected 

yyyy-01-05 14:52:59 [INFO]: Loading Middlewares...
yyyy-01-05 14:52:59 [INFO]: All Middlewares Loaded...

yyyy-01-05 14:52:59 [INFO]: Mounting Routes...
yyyy-01-05 14:52:59 [INFO]: Products Router mounted at: /products
yyyy-01-05 14:52:59 [INFO]: Routes Mounted... 

yyyy-01-05 14:52:59 [INFO]: Server is running at http://localhost:8000 with 18984

yyyy-01-05 14:53:00 [INFO]: Loading App... 

yyyy-01-05 14:53:00 [INFO]: MongoDB connected 

yyyy-01-05 14:53:00 [INFO]: Loading Middlewares...
yyyy-01-05 14:53:00 [INFO]: All Middlewares Loaded...

yyyy-01-05 14:53:00 [INFO]: Mounting Routes...
yyyy-01-05 14:53:00 [INFO]: Products Router mounted at: /products
yyyy-01-05 14:53:00 [INFO]: Routes Mounted... 

yyyy-01-05 14:53:00 [INFO]: Server is running at http://localhost:8000 with 19000

yyyy-01-05 14:53:07 [INFO]: Loading App... 

yyyy-01-05 14:53:07 [INFO]: MongoDB connected 

yyyy-01-05 14:53:07 [INFO]: Loading Middlewares...
yyyy-01-05 14:53:07 [INFO]: All Middlewares Loaded...

yyyy-01-05 14:53:07 [INFO]: Mounting Routes...
yyyy-01-05 14:53:07 [INFO]: Products Router mounted at: /products
yyyy-01-05 14:53:07 [INFO]: Routes Mounted... 

yyyy-01-05 14:53:07 [INFO]: Server is running at http://localhost:8000 with 19108

yyyy-01-05 14:53:09 [INFO]: Loading App... 

yyyy-01-05 14:53:09 [INFO]: MongoDB connected 

yyyy-01-05 14:53:09 [INFO]: Loading Middlewares...
yyyy-01-05 14:53:09 [INFO]: All Middlewares Loaded...

yyyy-01-05 14:53:09 [INFO]: Mounting Routes...
yyyy-01-05 14:53:09 [INFO]: Products Router mounted at: /products
yyyy-01-05 14:53:09 [INFO]: Routes Mounted... 

yyyy-01-05 14:53:09 [INFO]: Server is running at http://localhost:8000 with 19162

yyyy-01-05 14:53:15 [INFO]: Loading App... 

yyyy-01-05 14:53:15 [INFO]: MongoDB connected 

yyyy-01-05 14:53:15 [INFO]: Loading Middlewares...
yyyy-01-05 14:53:15 [INFO]: All Middlewares Loaded...

yyyy-01-05 14:53:15 [INFO]: Mounting Routes...
yyyy-01-05 14:53:15 [INFO]: Products Router mounted at: /products
yyyy-01-05 14:53:15 [INFO]: Routes Mounted... 

yyyy-01-05 14:53:15 [INFO]: Server is running at http://localhost:8000 with 19226

yyyy-01-05 14:53:16 [INFO]: Loading App... 

yyyy-01-05 14:53:16 [INFO]: MongoDB connected 

yyyy-01-05 14:53:16 [INFO]: Loading Middlewares...
yyyy-01-05 14:53:16 [INFO]: All Middlewares Loaded...

yyyy-01-05 14:53:16 [INFO]: Mounting Routes...
yyyy-01-05 14:53:16 [INFO]: Products Router mounted at: /products
yyyy-01-05 14:53:16 [INFO]: Routes Mounted... 

yyyy-01-05 14:53:16 [INFO]: Server is running at http://localhost:8000 with 19242

yyyy-01-05 14:53:18 [INFO]: Loading App... 

yyyy-01-05 14:53:18 [INFO]: MongoDB connected 

yyyy-01-05 14:53:18 [INFO]: Loading Middlewares...
yyyy-01-05 14:53:18 [INFO]: All Middlewares Loaded...

yyyy-01-05 14:53:18 [INFO]: Mounting Routes...
yyyy-01-05 14:53:18 [INFO]: Products Router mounted at: /products
yyyy-01-05 14:53:18 [INFO]: Routes Mounted... 

yyyy-01-05 14:53:18 [INFO]: Server is running at http://localhost:8000 with 19271

yyyy-01-05 14:53:23 [INFO]: Loading App... 

yyyy-01-05 14:53:23 [INFO]: MongoDB connected 

yyyy-01-05 14:53:23 [INFO]: Loading Middlewares...
yyyy-01-05 14:53:23 [INFO]: All Middlewares Loaded...

yyyy-01-05 14:53:23 [INFO]: Mounting Routes...
yyyy-01-05 14:53:23 [INFO]: Products Router mounted at: /products
yyyy-01-05 14:53:23 [INFO]: Routes Mounted... 

yyyy-01-05 14:53:23 [INFO]: Server is running at http://localhost:8000 with 19335

yyyy-01-05 14:53:23 [INFO]: Loading App... 

yyyy-01-05 14:53:23 [INFO]: MongoDB connected 

yyyy-01-05 14:53:23 [INFO]: Loading Middlewares...
yyyy-01-05 14:53:23 [INFO]: All Middlewares Loaded...

yyyy-01-05 14:53:23 [INFO]: Mounting Routes...
yyyy-01-05 14:53:23 [INFO]: Products Router mounted at: /products
yyyy-01-05 14:53:23 [INFO]: Routes Mounted... 

yyyy-01-05 14:53:23 [INFO]: Server is running at http://localhost:8000 with 19363

yyyy-01-05 14:54:53 [INFO]: Loading App... 

yyyy-01-05 14:54:53 [INFO]: MongoDB connected 

yyyy-01-05 14:54:53 [INFO]: Loading Middlewares...
yyyy-01-05 14:54:53 [INFO]: All Middlewares Loaded...

yyyy-01-05 14:54:53 [INFO]: Mounting Routes...
yyyy-01-05 14:54:53 [INFO]: Products Router mounted at: /products
yyyy-01-05 14:54:53 [INFO]: Routes Mounted... 

yyyy-01-05 14:54:53 [INFO]: Server is running at http://localhost:8000 with 19453

yyyy-01-05 14:54:53 [INFO]: Loading App... 

yyyy-01-05 14:54:53 [INFO]: MongoDB connected 

yyyy-01-05 14:54:53 [INFO]: Loading Middlewares...
yyyy-01-05 14:54:53 [INFO]: All Middlewares Loaded...

yyyy-01-05 14:54:53 [INFO]: Mounting Routes...
yyyy-01-05 14:54:53 [INFO]: Products Router mounted at: /products
yyyy-01-05 14:54:53 [INFO]: Routes Mounted... 

yyyy-01-05 14:54:53 [INFO]: Server is running at http://localhost:8000 with 19470

yyyy-01-05 17:22:28 [INFO]: Loading App... 

yyyy-01-05 17:22:28 [INFO]: MongoDB connected 

yyyy-01-05 17:22:28 [INFO]: Loading Middlewares...
yyyy-01-05 17:22:28 [INFO]: All Middlewares Loaded...

yyyy-01-05 17:22:28 [INFO]: Mounting Routes...
yyyy-01-05 17:22:28 [INFO]: Products Router mounted at: /products
yyyy-01-05 17:22:28 [INFO]: Routes Mounted... 

yyyy-01-05 17:22:28 [INFO]: Server is running at http://localhost:8000 with 23009

yyyy-01-05 19:28:54 [INFO]: Loading App... 

yyyy-01-05 19:28:54 [INFO]: MongoDB connected 

yyyy-01-05 19:28:54 [INFO]: Loading Middlewares...
yyyy-01-05 19:28:54 [INFO]: All Middlewares Loaded...

yyyy-01-05 19:28:54 [INFO]: Mounting Routes...
yyyy-01-05 19:28:54 [INFO]: Products Router mounted at: /products
yyyy-01-05 19:28:54 [INFO]: Routes Mounted... 

yyyy-01-05 19:28:54 [INFO]: Server is running at http://localhost:8000 with 27145

yyyy-01-05 19:35:03 [INFO]: Loading App... 

yyyy-01-05 19:35:03 [INFO]: MongoDB connected 

yyyy-01-05 19:35:03 [INFO]: Loading Middlewares...
yyyy-01-05 19:35:03 [INFO]: All Middlewares Loaded...

yyyy-01-05 19:35:03 [INFO]: Mounting Routes...
yyyy-01-05 19:35:03 [INFO]: Products Router mounted at: /products
yyyy-01-05 19:35:03 [INFO]: Routes Mounted... 

yyyy-01-05 19:35:03 [INFO]: Server is running at http://localhost:8000 with 27436

yyyy-01-05 19:35:09 [INFO]: Loading App... 

yyyy-01-05 19:35:09 [INFO]: MongoDB connected 

yyyy-01-05 19:35:09 [INFO]: Loading Middlewares...
yyyy-01-05 19:35:09 [INFO]: All Middlewares Loaded...

yyyy-01-05 19:35:09 [INFO]: Mounting Routes...
yyyy-01-05 19:35:09 [INFO]: Products Router mounted at: /products
yyyy-01-05 19:35:09 [INFO]: Routes Mounted... 

yyyy-01-05 19:35:09 [INFO]: Server is running at http://localhost:8000 with 27641

yyyy-01-01 11:08:46 [INFO]: Loading App... 

yyyy-01-01 11:08:46 [INFO]: MongoDB connected 

yyyy-01-01 11:08:46 [INFO]: Loading Middlewares...
yyyy-01-01 11:08:46 [INFO]: All Middlewares Loaded...

yyyy-01-01 11:08:46 [INFO]: Mounting Routes...
yyyy-01-01 11:08:46 [INFO]: Products Router mounted at: /products
yyyy-01-01 11:08:46 [INFO]: Routes Mounted... 

yyyy-01-01 11:08:46 [INFO]: Server is running at http://localhost:8000 with 6460

yyyy-01-01 11:10:03 [INFO]: Loading App... 

yyyy-01-01 11:10:03 [INFO]: MongoDB connected 

yyyy-01-01 11:10:03 [INFO]: Loading Middlewares...
yyyy-01-01 11:10:03 [INFO]: All Middlewares Loaded...

yyyy-01-01 11:10:03 [INFO]: Mounting Routes...
yyyy-01-01 11:10:03 [INFO]: Products Router mounted at: /products
yyyy-01-01 11:10:03 [INFO]: Routes Mounted... 

yyyy-01-01 11:10:03 [INFO]: Server is running at http://localhost:8000 with 7011

yyyy-01-01 11:10:06 [INFO]: Loading App... 

yyyy-01-01 11:10:06 [INFO]: MongoDB connected 

yyyy-01-01 11:10:06 [INFO]: Loading Middlewares...
yyyy-01-01 11:10:06 [INFO]: All Middlewares Loaded...

yyyy-01-01 11:10:06 [INFO]: Mounting Routes...
yyyy-01-01 11:10:06 [INFO]: Products Router mounted at: /products
yyyy-01-01 11:10:06 [INFO]: Routes Mounted... 

yyyy-01-01 11:10:06 [INFO]: Server is running at http://localhost:8000 with 7066

yyyy-01-01 11:10:07 [INFO]: Loading App... 

yyyy-01-01 11:10:07 [INFO]: MongoDB connected 

yyyy-01-01 11:10:07 [INFO]: Loading Middlewares...
yyyy-01-01 11:10:07 [INFO]: All Middlewares Loaded...

yyyy-01-01 11:10:07 [INFO]: Mounting Routes...
yyyy-01-01 11:10:07 [INFO]: Products Router mounted at: /products
yyyy-01-01 11:10:07 [INFO]: Routes Mounted... 

yyyy-01-01 11:10:07 [INFO]: Server is running at http://localhost:8000 with 7118

yyyy-01-01 11:10:15 [INFO]: Loading App... 

yyyy-01-01 11:10:15 [INFO]: MongoDB connected 

yyyy-01-01 11:10:15 [INFO]: Loading Middlewares...
yyyy-01-01 11:10:15 [INFO]: All Middlewares Loaded...

yyyy-01-01 11:10:15 [INFO]: Mounting Routes...
yyyy-01-01 11:10:15 [INFO]: Products Router mounted at: /products
yyyy-01-01 11:10:15 [INFO]: Routes Mounted... 

yyyy-01-01 11:10:15 [INFO]: Server is running at http://localhost:8000 with 7223

yyyy-01-01 11:10:16 [INFO]: Loading App... 

yyyy-01-01 11:10:16 [INFO]: MongoDB connected 

yyyy-01-01 11:10:16 [INFO]: Loading Middlewares...
yyyy-01-01 11:10:16 [INFO]: All Middlewares Loaded...

yyyy-01-01 11:10:16 [INFO]: Mounting Routes...
yyyy-01-01 11:10:16 [INFO]: Products Router mounted at: /products
yyyy-01-01 11:10:16 [INFO]: Routes Mounted... 

yyyy-01-01 11:10:16 [INFO]: Server is running at http://localhost:8000 with 7243

yyyy-01-01 11:10:16 [INFO]: Loading App... 

yyyy-01-01 11:10:16 [INFO]: MongoDB connected 

yyyy-01-01 11:10:16 [INFO]: Loading Middlewares...
yyyy-01-01 11:10:16 [INFO]: All Middlewares Loaded...

yyyy-01-01 11:10:16 [INFO]: Mounting Routes...
yyyy-01-01 11:10:16 [INFO]: Products Router mounted at: /products
yyyy-01-01 11:10:16 [INFO]: Routes Mounted... 

yyyy-01-01 11:10:16 [INFO]: Server is running at http://localhost:8000 with 7277

yyyy-01-01 11:10:18 [INFO]: Loading App... 

yyyy-01-01 11:10:18 [INFO]: MongoDB connected 

yyyy-01-01 11:10:18 [INFO]: Loading Middlewares...
yyyy-01-01 11:10:18 [INFO]: All Middlewares Loaded...

yyyy-01-01 11:10:18 [INFO]: Mounting Routes...
yyyy-01-01 11:10:18 [INFO]: Products Router mounted at: /products
yyyy-01-01 11:10:18 [INFO]: Routes Mounted... 

yyyy-01-01 11:10:18 [INFO]: Server is running at http://localhost:8000 with 7302

yyyy-01-01 11:10:20 [INFO]: Loading App... 

yyyy-01-01 11:10:20 [INFO]: MongoDB connected 

yyyy-01-01 11:10:20 [INFO]: Loading Middlewares...
yyyy-01-01 11:10:20 [INFO]: All Middlewares Loaded...

yyyy-01-01 11:10:20 [INFO]: Mounting Routes...
yyyy-01-01 11:10:20 [INFO]: Products Router mounted at: /products
yyyy-01-01 11:10:20 [INFO]: Routes Mounted... 

yyyy-01-01 11:10:20 [INFO]: Server is running at http://localhost:8000 with 7372

yyyy-01-01 11:10:21 [INFO]: Loading App... 

yyyy-01-01 11:10:21 [INFO]: MongoDB connected 

yyyy-01-01 11:10:21 [INFO]: Loading Middlewares...
yyyy-01-01 11:10:21 [INFO]: All Middlewares Loaded...

yyyy-01-01 11:10:21 [INFO]: Mounting Routes...
yyyy-01-01 11:10:21 [INFO]: Products Router mounted at: /products
yyyy-01-01 11:10:21 [INFO]: Routes Mounted... 

yyyy-01-01 11:10:21 [INFO]: Server is running at http://localhost:8000 with 7392

yyyy-01-01 11:10:22 [INFO]: Loading App... 

yyyy-01-01 11:10:22 [INFO]: MongoDB connected 

yyyy-01-01 11:10:22 [INFO]: Loading Middlewares...
yyyy-01-01 11:10:22 [INFO]: All Middlewares Loaded...

yyyy-01-01 11:10:22 [INFO]: Mounting Routes...
yyyy-01-01 11:10:22 [INFO]: Products Router mounted at: /products
yyyy-01-01 11:10:22 [INFO]: Routes Mounted... 

yyyy-01-01 11:10:22 [INFO]: Server is running at http://localhost:8000 with 7469

yyyy-01-01 11:10:23 [INFO]: Loading App... 

yyyy-01-01 11:10:23 [INFO]: MongoDB connected 

yyyy-01-01 11:10:23 [INFO]: Loading Middlewares...
yyyy-01-01 11:10:23 [INFO]: All Middlewares Loaded...

yyyy-01-01 11:10:23 [INFO]: Mounting Routes...
yyyy-01-01 11:10:23 [INFO]: Products Router mounted at: /products
yyyy-01-01 11:10:23 [INFO]: Routes Mounted... 

yyyy-01-01 11:10:23 [INFO]: Server is running at http://localhost:8000 with 7485

yyyy-01-01 11:10:35 [INFO]: Loading App... 

yyyy-01-01 11:10:35 [INFO]: MongoDB connected 

yyyy-01-01 11:10:35 [INFO]: Loading Middlewares...
yyyy-01-01 11:10:35 [INFO]: All Middlewares Loaded...

yyyy-01-01 11:10:35 [INFO]: Mounting Routes...
yyyy-01-01 11:10:35 [INFO]: Products Router mounted at: /products
yyyy-01-01 11:10:35 [INFO]: Routes Mounted... 

yyyy-01-01 11:10:35 [INFO]: Server is running at http://localhost:8000 with 7594

yyyy-01-01 11:10:35 [INFO]: Loading App... 

yyyy-01-01 11:10:35 [INFO]: MongoDB connected 

yyyy-01-01 11:10:35 [INFO]: Loading Middlewares...
yyyy-01-01 11:10:35 [INFO]: All Middlewares Loaded...

yyyy-01-01 11:10:35 [INFO]: Mounting Routes...
yyyy-01-01 11:10:35 [INFO]: Products Router mounted at: /products
yyyy-01-01 11:10:35 [INFO]: Routes Mounted... 

yyyy-01-01 11:10:35 [INFO]: Server is running at http://localhost:8000 with 7622

yyyy-01-01 11:10:39 [INFO]: Loading App... 

yyyy-01-01 11:10:39 [INFO]: MongoDB connected 

yyyy-01-01 11:10:39 [INFO]: Loading Middlewares...
yyyy-01-01 11:10:39 [INFO]: All Middlewares Loaded...

yyyy-01-01 11:10:39 [INFO]: Mounting Routes...
yyyy-01-01 11:10:39 [INFO]: Products Router mounted at: /products
yyyy-01-01 11:10:39 [INFO]: Routes Mounted... 

yyyy-01-01 11:10:39 [INFO]: Server is running at http://localhost:8000 with 7661

yyyy-01-01 11:11:04 [INFO]: Loading App... 

yyyy-01-01 11:11:04 [INFO]: MongoDB connected 

yyyy-01-01 11:11:04 [INFO]: Loading Middlewares...
yyyy-01-01 11:11:04 [INFO]: All Middlewares Loaded...

yyyy-01-01 11:11:04 [INFO]: Mounting Routes...
yyyy-01-01 11:11:04 [INFO]: Products Router mounted at: /products
yyyy-01-01 11:11:04 [INFO]: Routes Mounted... 

yyyy-01-01 11:11:04 [INFO]: Server is running at http://localhost:8000 with 7740

yyyy-01-01 11:11:06 [INFO]: Loading App... 

yyyy-01-01 11:11:06 [INFO]: MongoDB connected 

yyyy-01-01 11:11:06 [INFO]: Loading Middlewares...
yyyy-01-01 11:11:06 [INFO]: All Middlewares Loaded...

yyyy-01-01 11:11:06 [INFO]: Mounting Routes...
yyyy-01-01 11:11:06 [INFO]: Products Router mounted at: /products
yyyy-01-01 11:11:06 [INFO]: Routes Mounted... 

yyyy-01-01 11:11:06 [INFO]: Server is running at http://localhost:8000 with 7770

yyyy-01-01 11:11:46 [INFO]: Loading App... 

yyyy-01-01 11:11:46 [INFO]: MongoDB connected 

yyyy-01-01 11:11:47 [INFO]: Loading App... 

yyyy-01-01 11:11:47 [INFO]: MongoDB connected 

yyyy-01-01 11:11:47 [INFO]: Loading Middlewares...
yyyy-01-01 11:11:47 [INFO]: All Middlewares Loaded...

yyyy-01-01 11:11:47 [INFO]: Mounting Routes...
yyyy-01-01 11:11:47 [INFO]: Products Router mounted at: /products
yyyy-01-01 11:11:47 [INFO]: Routes Mounted... 

yyyy-01-01 11:11:47 [INFO]: Server is running at http://localhost:8000 with 8319

yyyy-01-01 11:11:48 [INFO]: Loading App... 

yyyy-01-01 11:11:48 [INFO]: MongoDB connected 

yyyy-01-01 11:11:48 [INFO]: Loading Middlewares...
yyyy-01-01 11:11:48 [INFO]: All Middlewares Loaded...

yyyy-01-01 11:11:48 [INFO]: Mounting Routes...
yyyy-01-01 11:11:48 [INFO]: Products Router mounted at: /products
yyyy-01-01 11:11:48 [INFO]: Routes Mounted... 

yyyy-01-01 11:11:48 [INFO]: Server is running at http://localhost:8000 with 8335

yyyy-01-01 11:11:49 [INFO]: Loading App... 

yyyy-01-01 11:11:49 [INFO]: MongoDB connected 

yyyy-01-01 11:11:49 [INFO]: Loading Middlewares...
yyyy-01-01 11:11:49 [INFO]: All Middlewares Loaded...

yyyy-01-01 11:11:49 [INFO]: Mounting Routes...
yyyy-01-01 11:11:49 [INFO]: Products Router mounted at: /products
yyyy-01-01 11:11:49 [INFO]: Routes Mounted... 

yyyy-01-01 11:11:49 [INFO]: Server is running at http://localhost:8000 with 8386

yyyy-01-01 11:11:52 [INFO]: Loading App... 

yyyy-01-01 11:11:52 [INFO]: MongoDB connected 

yyyy-01-01 11:11:52 [INFO]: Loading Middlewares...
yyyy-01-01 11:11:52 [INFO]: All Middlewares Loaded...

yyyy-01-01 11:11:52 [INFO]: Mounting Routes...
yyyy-01-01 11:11:52 [INFO]: Products Router mounted at: /products
yyyy-01-01 11:11:52 [INFO]: Routes Mounted... 

yyyy-01-01 11:11:52 [INFO]: Server is running at http://localhost:8000 with 8440

yyyy-01-01 11:11:52 [INFO]: Loading App... 

yyyy-01-01 11:11:52 [INFO]: MongoDB connected 

yyyy-01-01 11:11:52 [INFO]: Loading Middlewares...
yyyy-01-01 11:11:52 [INFO]: All Middlewares Loaded...

yyyy-01-01 11:11:52 [INFO]: Mounting Routes...
yyyy-01-01 11:11:52 [INFO]: Products Router mounted at: /products
yyyy-01-01 11:11:52 [INFO]: Routes Mounted... 

yyyy-01-01 11:11:52 [INFO]: Server is running at http://localhost:8000 with 8456

yyyy-01-01 11:12:02 [INFO]: Loading App... 

yyyy-01-01 11:12:02 [INFO]: MongoDB connected 

yyyy-01-01 11:12:02 [INFO]: Loading Middlewares...
yyyy-01-01 11:12:02 [INFO]: All Middlewares Loaded...

yyyy-01-01 11:12:02 [INFO]: Mounting Routes...
yyyy-01-01 11:12:02 [INFO]: Products Router mounted at: /products
yyyy-01-01 11:12:02 [INFO]: Routes Mounted... 

yyyy-01-01 11:12:02 [INFO]: Server is running at http://localhost:8000 with 8598

yyyy-01-01 11:12:02 [INFO]: Loading App... 

yyyy-01-01 11:12:02 [INFO]: MongoDB connected 

yyyy-01-01 11:12:02 [INFO]: Loading Middlewares...
yyyy-01-01 11:12:02 [INFO]: All Middlewares Loaded...

yyyy-01-01 11:12:02 [INFO]: Mounting Routes...
yyyy-01-01 11:12:02 [INFO]: Products Router mounted at: /products
yyyy-01-01 11:12:02 [INFO]: Routes Mounted... 

yyyy-01-01 11:12:02 [INFO]: Server is running at http://localhost:8000 with 8613

yyyy-01-01 11:12:04 [INFO]: Loading App... 

yyyy-01-01 11:12:04 [INFO]: MongoDB connected 

yyyy-01-01 11:12:04 [INFO]: Loading Middlewares...
yyyy-01-01 11:12:04 [INFO]: All Middlewares Loaded...

yyyy-01-01 11:12:04 [INFO]: Mounting Routes...
yyyy-01-01 11:12:04 [INFO]: Products Router mounted at: /products
yyyy-01-01 11:12:04 [INFO]: Routes Mounted... 

yyyy-01-01 11:12:04 [INFO]: Server is running at http://localhost:8000 with 8661

yyyy-01-01 11:12:04 [INFO]: Loading App... 

yyyy-01-01 11:12:04 [INFO]: MongoDB connected 

yyyy-01-01 11:12:04 [INFO]: Loading Middlewares...
yyyy-01-01 11:12:04 [INFO]: All Middlewares Loaded...

yyyy-01-01 11:12:04 [INFO]: Mounting Routes...
yyyy-01-01 11:12:04 [INFO]: Products Router mounted at: /products
yyyy-01-01 11:12:04 [INFO]: Routes Mounted... 

yyyy-01-01 11:12:04 [INFO]: Server is running at http://localhost:8000 with 8676

yyyy-01-01 11:12:06 [INFO]: Loading App... 

yyyy-01-01 11:12:06 [INFO]: MongoDB connected 

yyyy-01-01 11:12:06 [INFO]: Loading Middlewares...
yyyy-01-01 11:12:06 [INFO]: All Middlewares Loaded...

yyyy-01-01 11:12:06 [INFO]: Mounting Routes...
yyyy-01-01 11:12:06 [INFO]: Products Router mounted at: /products
yyyy-01-01 11:12:06 [INFO]: Routes Mounted... 

yyyy-01-01 11:12:06 [INFO]: Server is running at http://localhost:8000 with 8719

