yyyy-01-02 16:18:14 [INFO]: Loading App... 

yyyy-01-02 16:18:14 [INFO]: Loading Middlewares...
yyyy-01-02 16:18:14 [INFO]: All Middlewares Loaded...

yyyy-01-02 16:18:14 [INFO]: Mounting Routes...
yyyy-01-02 16:20:52 [INFO]: Loading App... 

yyyy-01-02 16:20:52 [INFO]: Loading Middlewares...
yyyy-01-02 16:20:52 [INFO]: All Middlewares Loaded...

yyyy-01-02 16:20:52 [INFO]: Mounting Routes...
yyyy-01-02 16:21:26 [INFO]: Loading App... 

yyyy-01-02 16:21:26 [INFO]: Loading Middlewares...
yyyy-01-02 16:21:26 [INFO]: All Middlewares Loaded...

yyyy-01-02 16:21:26 [INFO]: Mounting Routes...
yyyy-01-02 16:21:26 [INFO]: Products Router mounted at: /produce
yyyy-01-02 16:21:26 [INFO]: Routes Mounted... 

yyyy-01-02 16:21:26 [INFO]: Server is running at http://localhost:8000 with 14069

yyyy-01-02 16:21:33 [INFO]: Loading App... 

yyyy-01-02 16:21:33 [INFO]: Loading Middlewares...
yyyy-01-02 16:21:33 [INFO]: All Middlewares Loaded...

yyyy-01-02 16:21:33 [INFO]: Mounting Routes...
yyyy-01-02 16:21:33 [INFO]: Products Router mounted at: /produce
yyyy-01-02 16:21:33 [INFO]: Routes Mounted... 

yyyy-01-02 16:21:33 [INFO]: Server is running at http://localhost:8000 with 14222

yyyy-01-02 16:23:03 [INFO]: Loading App... 

yyyy-01-02 16:23:03 [INFO]: Loading Middlewares...
yyyy-01-02 16:23:03 [INFO]: All Middlewares Loaded...

yyyy-01-02 16:23:03 [INFO]: Mounting Routes...
yyyy-01-02 16:23:03 [INFO]: Produ Router mounted at: /produce
yyyy-01-02 16:23:03 [INFO]: Routes Mounted... 

yyyy-01-02 16:23:03 [INFO]: Server is running at http://localhost:8000 with 14825

yyyy-01-02 16:23:03 [INFO]: Loading App... 

yyyy-01-02 16:23:03 [INFO]: Loading Middlewares...
yyyy-01-02 16:23:03 [INFO]: All Middlewares Loaded...

yyyy-01-02 16:23:03 [INFO]: Mounting Routes...
yyyy-01-02 16:23:03 [INFO]: Pro Router mounted at: /produce
yyyy-01-02 16:23:03 [INFO]: Routes Mounted... 

yyyy-01-02 16:23:03 [INFO]: Server is running at http://localhost:8000 with 14853

yyyy-01-02 16:23:05 [INFO]: Loading App... 

yyyy-01-02 16:23:05 [INFO]: Loading Middlewares...
yyyy-01-02 16:23:05 [INFO]: All Middlewares Loaded...

yyyy-01-02 16:23:05 [INFO]: Mounting Routes...
yyyy-01-02 16:23:05 [INFO]: Prod Router mounted at: /produce
yyyy-01-02 16:23:05 [INFO]: Routes Mounted... 

yyyy-01-02 16:23:05 [INFO]: Server is running at http://localhost:8000 with 14887

yyyy-01-02 16:23:05 [INFO]: Loading App... 

yyyy-01-02 16:23:05 [INFO]: Loading Middlewares...
yyyy-01-02 16:23:05 [INFO]: All Middlewares Loaded...

yyyy-01-02 16:23:05 [INFO]: Mounting Routes...
yyyy-01-02 16:23:05 [INFO]: Produ Router mounted at: /produce
yyyy-01-02 16:23:05 [INFO]: Routes Mounted... 

yyyy-01-02 16:23:05 [INFO]: Server is running at http://localhost:8000 with 14926

yyyy-01-02 16:23:06 [INFO]: Loading App... 

yyyy-01-02 16:23:06 [INFO]: Loading Middlewares...
yyyy-01-02 16:23:06 [INFO]: All Middlewares Loaded...

yyyy-01-02 16:23:06 [INFO]: Mounting Routes...
yyyy-01-02 16:23:06 [INFO]: Produc Router mounted at: /produce
yyyy-01-02 16:23:06 [INFO]: Routes Mounted... 

yyyy-01-02 16:23:06 [INFO]: Server is running at http://localhost:8000 with 14940

yyyy-01-02 16:23:06 [INFO]: Loading App... 

yyyy-01-02 16:23:06 [INFO]: Loading Middlewares...
yyyy-01-02 16:23:06 [INFO]: All Middlewares Loaded...

yyyy-01-02 16:23:06 [INFO]: Mounting Routes...
yyyy-01-02 16:23:06 [INFO]: Producer Router mounted at: /produce
yyyy-01-02 16:23:06 [INFO]: Routes Mounted... 

yyyy-01-02 16:23:06 [INFO]: Server is running at http://localhost:8000 with 14968

yyyy-01-02 16:25:38 [INFO]: Loading App... 

yyyy-01-02 16:25:38 [INFO]: Loading Middlewares...
yyyy-01-02 16:25:38 [INFO]: All Middlewares Loaded...

yyyy-01-02 16:25:38 [INFO]: Mounting Routes...
yyyy-01-02 16:25:38 [INFO]: Producer Router mounted at: /produce
yyyy-01-02 16:25:38 [INFO]: Routes Mounted... 

yyyy-01-02 16:25:38 [INFO]: Server is running at http://localhost:8000 with 15142

yyyy-01-02 16:25:39 [INFO]: Loading App... 

yyyy-01-02 16:25:39 [INFO]: Loading Middlewares...
yyyy-01-02 16:25:39 [INFO]: All Middlewares Loaded...

yyyy-01-02 16:25:39 [INFO]: Mounting Routes...
yyyy-01-02 16:25:39 [INFO]: Producer Router mounted at: /produce
yyyy-01-02 16:25:39 [INFO]: Routes Mounted... 

yyyy-01-02 16:25:39 [INFO]: Server is running at http://localhost:8000 with 15156

yyyy-01-02 16:25:41 [INFO]: Loading App... 

yyyy-01-02 16:25:41 [INFO]: Loading Middlewares...
yyyy-01-02 16:25:41 [INFO]: All Middlewares Loaded...

yyyy-01-02 16:25:41 [INFO]: Mounting Routes...
yyyy-01-02 16:25:41 [INFO]: Producer Router mounted at: /produce
yyyy-01-02 16:25:41 [INFO]: Routes Mounted... 

yyyy-01-02 16:25:41 [INFO]: Server is running at http://localhost:8000 with 15209

yyyy-01-02 16:25:41 [INFO]: Loading App... 

yyyy-01-02 16:25:41 [INFO]: Loading Middlewares...
yyyy-01-02 16:25:41 [INFO]: All Middlewares Loaded...

yyyy-01-02 16:25:41 [INFO]: Mounting Routes...
yyyy-01-02 16:25:41 [INFO]: Producer Router mounted at: /produce
yyyy-01-02 16:25:41 [INFO]: Routes Mounted... 

yyyy-01-02 16:25:41 [INFO]: Server is running at http://localhost:8000 with 15223

yyyy-01-02 16:25:43 [INFO]: Loading App... 

yyyy-01-02 16:25:43 [INFO]: Loading Middlewares...
yyyy-01-02 16:25:43 [INFO]: All Middlewares Loaded...

yyyy-01-02 16:25:43 [INFO]: Mounting Routes...
yyyy-01-02 16:25:43 [INFO]: Producer Router mounted at: /produce
yyyy-01-02 16:25:43 [INFO]: Routes Mounted... 

yyyy-01-02 16:25:43 [INFO]: Server is running at http://localhost:8000 with 15237

yyyy-01-02 16:25:46 [INFO]: Loading App... 

yyyy-01-02 16:25:46 [INFO]: Loading Middlewares...
yyyy-01-02 16:25:46 [INFO]: All Middlewares Loaded...

yyyy-01-02 16:25:46 [INFO]: Mounting Routes...
yyyy-01-02 16:25:46 [INFO]: Producer Router mounted at: /produce
yyyy-01-02 16:25:46 [INFO]: Routes Mounted... 

yyyy-01-02 16:25:46 [INFO]: Server is running at http://localhost:8000 with 15324

yyyy-01-02 16:25:48 [INFO]: Loading App... 

yyyy-01-02 16:25:48 [INFO]: Loading Middlewares...
yyyy-01-02 16:25:48 [INFO]: All Middlewares Loaded...

yyyy-01-02 16:25:48 [INFO]: Mounting Routes...
yyyy-01-02 16:25:48 [INFO]: Producer Router mounted at: /produce
yyyy-01-02 16:25:48 [INFO]: Routes Mounted... 

yyyy-01-02 16:25:48 [INFO]: Server is running at http://localhost:8000 with 15351

yyyy-01-02 16:25:52 [INFO]: Loading App... 

yyyy-01-02 16:25:52 [INFO]: Loading Middlewares...
yyyy-01-02 16:25:52 [INFO]: All Middlewares Loaded...

yyyy-01-02 16:25:52 [INFO]: Mounting Routes...
yyyy-01-02 16:25:52 [INFO]: Producer Router mounted at: /produce
yyyy-01-02 16:25:52 [INFO]: Routes Mounted... 

yyyy-01-02 16:25:52 [INFO]: Server is running at http://localhost:8000 with 15427

yyyy-01-02 16:25:52 [INFO]: Loading App... 

yyyy-01-02 16:25:52 [INFO]: Loading Middlewares...
yyyy-01-02 16:25:52 [INFO]: All Middlewares Loaded...

yyyy-01-02 16:25:52 [INFO]: Mounting Routes...
yyyy-01-02 16:25:52 [INFO]: Producer Router mounted at: /produce
yyyy-01-02 16:25:52 [INFO]: Routes Mounted... 

yyyy-01-02 16:25:52 [INFO]: Server is running at http://localhost:8000 with 15469

yyyy-01-02 16:25:54 [INFO]: Loading App... 

yyyy-01-02 16:25:54 [INFO]: Loading Middlewares...
yyyy-01-02 16:25:54 [INFO]: All Middlewares Loaded...

yyyy-01-02 16:25:54 [INFO]: Mounting Routes...
yyyy-01-02 16:25:54 [INFO]: Producer Router mounted at: /produce
yyyy-01-02 16:25:54 [INFO]: Routes Mounted... 

yyyy-01-02 16:25:54 [INFO]: Server is running at http://localhost:8000 with 15531

yyyy-01-02 16:25:55 [INFO]: Loading App... 

yyyy-01-02 16:25:55 [INFO]: Loading Middlewares...
yyyy-01-02 16:25:55 [INFO]: All Middlewares Loaded...

yyyy-01-02 16:25:55 [INFO]: Mounting Routes...
yyyy-01-02 16:25:55 [INFO]: Producer Router mounted at: /produce
yyyy-01-02 16:25:55 [INFO]: Routes Mounted... 

yyyy-01-02 16:25:55 [INFO]: Server is running at http://localhost:8000 with 15545

yyyy-01-02 16:25:55 [INFO]: Loading App... 

yyyy-01-02 16:25:55 [INFO]: Loading Middlewares...
yyyy-01-02 16:25:55 [INFO]: All Middlewares Loaded...

yyyy-01-02 16:25:55 [INFO]: Mounting Routes...
yyyy-01-02 16:25:55 [INFO]: Producer Router mounted at: /produce
yyyy-01-02 16:25:55 [INFO]: Routes Mounted... 

yyyy-01-02 16:25:55 [INFO]: Server is running at http://localhost:8000 with 15559

yyyy-01-02 16:25:58 [INFO]: Loading App... 

yyyy-01-02 16:25:58 [INFO]: Loading Middlewares...
yyyy-01-02 16:25:58 [INFO]: All Middlewares Loaded...

yyyy-01-02 16:25:58 [INFO]: Mounting Routes...
yyyy-01-02 16:25:58 [INFO]: Producer Router mounted at: /produce
yyyy-01-02 16:25:58 [INFO]: Routes Mounted... 

yyyy-01-02 16:25:58 [INFO]: Server is running at http://localhost:8000 with 15635

yyyy-01-02 16:25:59 [INFO]: Loading App... 

yyyy-01-02 16:25:59 [INFO]: Loading Middlewares...
yyyy-01-02 16:25:59 [INFO]: All Middlewares Loaded...

yyyy-01-02 16:25:59 [INFO]: Mounting Routes...
yyyy-01-02 16:25:59 [INFO]: Producer Router mounted at: /produce
yyyy-01-02 16:25:59 [INFO]: Routes Mounted... 

yyyy-01-02 16:25:59 [INFO]: Server is running at http://localhost:8000 with 15649

yyyy-01-02 16:26:01 [INFO]: Loading App... 

yyyy-01-02 16:26:01 [INFO]: Loading Middlewares...
yyyy-01-02 16:26:01 [INFO]: All Middlewares Loaded...

yyyy-01-02 16:26:01 [INFO]: Mounting Routes...
yyyy-01-02 16:26:01 [INFO]: Producer Router mounted at: /produce
yyyy-01-02 16:26:01 [INFO]: Routes Mounted... 

yyyy-01-02 16:26:01 [INFO]: Server is running at http://localhost:8000 with 15700

yyyy-01-02 16:30:17 [INFO]: Loading App... 

yyyy-01-02 16:30:17 [INFO]: Loading Middlewares...
yyyy-01-02 16:30:17 [INFO]: All Middlewares Loaded...

yyyy-01-02 16:30:17 [INFO]: Mounting Routes...
yyyy-01-02 16:30:17 [INFO]: Producer Router mounted at: /produce
yyyy-01-02 16:30:17 [INFO]: Routes Mounted... 

yyyy-01-02 16:30:17 [INFO]: Server is running at http://localhost:8000 with 15874

yyyy-01-02 16:31:31 [INFO]: Loading App... 

yyyy-01-02 16:31:31 [INFO]: Loading Middlewares...
yyyy-01-02 16:31:31 [INFO]: All Middlewares Loaded...

yyyy-01-02 16:31:31 [INFO]: Mounting Routes...
yyyy-01-02 16:31:31 [INFO]: Producer Router mounted at: /produce
yyyy-01-02 16:31:31 [INFO]: Routes Mounted... 

yyyy-01-02 16:31:31 [INFO]: Server is running at http://localhost:8000 with 16003

yyyy-01-02 16:31:32 [INFO]: Loading App... 

yyyy-01-02 16:31:32 [INFO]: Loading Middlewares...
yyyy-01-02 16:31:32 [INFO]: All Middlewares Loaded...

yyyy-01-02 16:31:32 [INFO]: Mounting Routes...
yyyy-01-02 16:31:32 [INFO]: Producer Router mounted at: /produce
yyyy-01-02 16:31:32 [INFO]: Routes Mounted... 

yyyy-01-02 16:31:32 [INFO]: Server is running at http://localhost:8000 with 16046

yyyy-01-02 16:31:33 [INFO]: Loading App... 

yyyy-01-02 16:31:33 [INFO]: Loading Middlewares...
yyyy-01-02 16:31:33 [INFO]: All Middlewares Loaded...

yyyy-01-02 16:31:33 [INFO]: Mounting Routes...
yyyy-01-02 16:31:33 [INFO]: Producer Router mounted at: /produce
yyyy-01-02 16:31:33 [INFO]: Routes Mounted... 

yyyy-01-02 16:31:33 [INFO]: Server is running at http://localhost:8000 with 16081

yyyy-01-02 16:31:36 [INFO]: Loading App... 

yyyy-01-02 16:31:36 [INFO]: Loading Middlewares...
yyyy-01-02 16:31:36 [INFO]: All Middlewares Loaded...

yyyy-01-02 16:31:36 [INFO]: Mounting Routes...
yyyy-01-02 16:31:36 [INFO]: Producer Router mounted at: /produce
yyyy-01-02 16:31:36 [INFO]: Routes Mounted... 

yyyy-01-02 16:31:36 [INFO]: Server is running at http://localhost:8000 with 16149

yyyy-01-02 16:32:57 [INFO]: Loading App... 

yyyy-01-02 16:32:57 [INFO]: Loading Middlewares...
yyyy-01-02 16:32:57 [INFO]: All Middlewares Loaded...

yyyy-01-02 16:32:57 [INFO]: Mounting Routes...
yyyy-01-02 16:32:57 [INFO]: Producer Router mounted at: /produce
yyyy-01-02 16:32:57 [INFO]: Routes Mounted... 

yyyy-01-02 16:32:57 [INFO]: Server is running at http://localhost:8000 with 16389

yyyy-01-02 16:33:01 [INFO]: Job added to queue with ID: 1
yyyy-01-02 16:33:34 [INFO]: Loading App... 

yyyy-01-02 16:33:34 [INFO]: Loading Middlewares...
yyyy-01-02 16:33:34 [INFO]: All Middlewares Loaded...

yyyy-01-02 16:33:34 [INFO]: Mounting Routes...
yyyy-01-02 16:33:34 [INFO]: Producer Router mounted at: /produce
yyyy-01-02 16:33:34 [INFO]: Routes Mounted... 

yyyy-01-02 16:33:34 [INFO]: Server is running at http://localhost:8000 with 16555

yyyy-01-02 16:35:16 [INFO]: Loading App... 

yyyy-01-02 16:35:16 [INFO]: Loading Middlewares...
yyyy-01-02 16:35:16 [INFO]: All Middlewares Loaded...

yyyy-01-02 16:35:16 [INFO]: Mounting Routes...
yyyy-01-02 16:35:16 [INFO]: Producer Router mounted at: /produce
yyyy-01-02 16:35:16 [INFO]: Routes Mounted... 

yyyy-01-02 16:35:16 [INFO]: Server is running at http://localhost:8000 with 17032

yyyy-01-02 16:38:20 [INFO]: Loading App... 

yyyy-01-02 16:38:20 [INFO]: Loading Middlewares...
yyyy-01-02 16:38:20 [INFO]: All Middlewares Loaded...

yyyy-01-02 16:38:20 [INFO]: Mounting Routes...
yyyy-01-02 16:38:20 [INFO]: Producer Router mounted at: /produce
yyyy-01-02 16:38:20 [INFO]: Routes Mounted... 

yyyy-01-02 16:38:20 [INFO]: Server is running at http://localhost:8000 with 17518

yyyy-01-02 16:38:37 [INFO]: Loading App... 

yyyy-01-02 16:38:37 [INFO]: Loading Middlewares...
yyyy-01-02 16:38:37 [INFO]: All Middlewares Loaded...

yyyy-01-02 16:38:37 [INFO]: Mounting Routes...
yyyy-01-02 16:38:37 [INFO]: Producer Router mounted at: /produce
yyyy-01-02 16:38:37 [INFO]: Routes Mounted... 

yyyy-01-02 16:38:37 [INFO]: Server is running at http://localhost:8000 with 17619

yyyy-01-02 16:40:48 [INFO]: Loading App... 

yyyy-01-02 16:40:48 [INFO]: Loading Middlewares...
yyyy-01-02 16:40:48 [INFO]: All Middlewares Loaded...

yyyy-01-02 16:40:48 [INFO]: Mounting Routes...
yyyy-01-02 16:40:48 [INFO]: Producer Router mounted at: /produce
yyyy-01-02 16:40:48 [INFO]: Routes Mounted... 

yyyy-01-02 16:40:48 [INFO]: Server is running at http://localhost:8000 with 17905

yyyy-01-02 16:40:54 [INFO]: Job added to queue with ID: 2
yyyy-01-02 16:40:56 [INFO]: Job added to queue with ID: 3
yyyy-01-02 16:40:56 [INFO]: Job added to queue with ID: 4
yyyy-01-02 16:42:27 [INFO]: Loading App... 

yyyy-01-02 16:42:27 [INFO]: Loading Middlewares...
yyyy-01-02 16:42:27 [INFO]: All Middlewares Loaded...

yyyy-01-02 16:42:27 [INFO]: Mounting Routes...
yyyy-01-02 16:42:27 [INFO]: Producer Router mounted at: /produce
yyyy-01-02 16:42:27 [INFO]: Routes Mounted... 

yyyy-01-02 16:42:27 [INFO]: Server is running at http://localhost:8000 with 18316

yyyy-01-02 16:42:28 [INFO]: Loading App... 

yyyy-01-02 16:42:28 [INFO]: Loading Middlewares...
yyyy-01-02 16:42:28 [INFO]: All Middlewares Loaded...

yyyy-01-02 16:42:28 [INFO]: Mounting Routes...
yyyy-01-02 16:42:28 [INFO]: Producer Router mounted at: /produce
yyyy-01-02 16:42:28 [INFO]: Routes Mounted... 

yyyy-01-02 16:42:28 [INFO]: Server is running at http://localhost:8000 with 18330

yyyy-01-02 16:42:31 [INFO]: Loading App... 

yyyy-01-02 16:42:31 [INFO]: Loading Middlewares...
yyyy-01-02 16:42:31 [INFO]: All Middlewares Loaded...

yyyy-01-02 16:42:31 [INFO]: Mounting Routes...
yyyy-01-02 16:42:31 [INFO]: Producer Router mounted at: /produce
yyyy-01-02 16:42:31 [INFO]: Routes Mounted... 

yyyy-01-02 16:42:31 [INFO]: Server is running at http://localhost:8000 with 18383

yyyy-01-02 16:42:31 [INFO]: Loading App... 

yyyy-01-02 16:42:31 [INFO]: Loading Middlewares...
yyyy-01-02 16:42:31 [INFO]: All Middlewares Loaded...

yyyy-01-02 16:42:31 [INFO]: Mounting Routes...
yyyy-01-02 16:42:31 [INFO]: Producer Router mounted at: /produce
yyyy-01-02 16:42:31 [INFO]: Routes Mounted... 

yyyy-01-02 16:42:31 [INFO]: Server is running at http://localhost:8000 with 18397

yyyy-01-02 16:42:31 [INFO]: Loading App... 

yyyy-01-02 16:42:31 [INFO]: Loading Middlewares...
yyyy-01-02 16:42:31 [INFO]: All Middlewares Loaded...

yyyy-01-02 16:42:31 [INFO]: Mounting Routes...
yyyy-01-02 16:42:31 [INFO]: Producer Router mounted at: /produce
yyyy-01-02 16:42:31 [INFO]: Routes Mounted... 

yyyy-01-02 16:42:31 [INFO]: Server is running at http://localhost:8000 with 18411

yyyy-01-02 16:42:32 [INFO]: Loading App... 

yyyy-01-02 16:42:32 [INFO]: Loading Middlewares...
yyyy-01-02 16:42:32 [INFO]: All Middlewares Loaded...

yyyy-01-02 16:42:32 [INFO]: Mounting Routes...
yyyy-01-02 16:42:32 [INFO]: Producer Router mounted at: /produce
yyyy-01-02 16:42:32 [INFO]: Routes Mounted... 

yyyy-01-02 16:42:32 [INFO]: Server is running at http://localhost:8000 with 18425

yyyy-01-02 16:42:32 [INFO]: Loading App... 

yyyy-01-02 16:42:32 [INFO]: Loading Middlewares...
yyyy-01-02 16:42:32 [INFO]: All Middlewares Loaded...

yyyy-01-02 16:42:32 [INFO]: Mounting Routes...
yyyy-01-02 16:42:32 [INFO]: Producer Router mounted at: /produce
yyyy-01-02 16:42:32 [INFO]: Routes Mounted... 

yyyy-01-02 16:42:32 [INFO]: Server is running at http://localhost:8000 with 18439

yyyy-01-02 16:42:32 [INFO]: Loading App... 

yyyy-01-02 16:42:32 [INFO]: Loading Middlewares...
yyyy-01-02 16:42:32 [INFO]: All Middlewares Loaded...

yyyy-01-02 16:42:32 [INFO]: Mounting Routes...
yyyy-01-02 16:42:32 [INFO]: Producer Router mounted at: /produce
yyyy-01-02 16:42:32 [INFO]: Routes Mounted... 

yyyy-01-02 16:42:32 [INFO]: Server is running at http://localhost:8000 with 18453

yyyy-01-02 16:42:42 [INFO]: Job added to queue with ID: 5
yyyy-01-02 16:42:45 [INFO]: Job added to queue with ID: 6
yyyy-01-02 16:42:46 [INFO]: Job added to queue with ID: 7
yyyy-01-02 16:42:46 [INFO]: Job added to queue with ID: 8
yyyy-01-02 16:42:47 [INFO]: Job added to queue with ID: 9
yyyy-01-02 16:42:48 [INFO]: Job added to queue with ID: 10
yyyy-01-02 16:42:48 [INFO]: Job added to queue with ID: 11
yyyy-01-02 16:44:40 [INFO]: Loading App... 

yyyy-01-02 16:44:40 [INFO]: Loading Middlewares...
yyyy-01-02 16:44:40 [INFO]: All Middlewares Loaded...

yyyy-01-02 16:44:40 [INFO]: Mounting Routes...
yyyy-01-02 16:44:40 [INFO]: Producer Router mounted at: /produce
yyyy-01-02 16:44:40 [INFO]: Routes Mounted... 

yyyy-01-02 16:44:40 [INFO]: Server is running at http://localhost:8000 with 18714

yyyy-01-02 16:44:42 [INFO]: Loading App... 

yyyy-01-02 16:44:42 [INFO]: Loading Middlewares...
yyyy-01-02 16:44:42 [INFO]: All Middlewares Loaded...

yyyy-01-02 16:44:42 [INFO]: Mounting Routes...
yyyy-01-02 16:44:42 [INFO]: Producer Router mounted at: /produce
yyyy-01-02 16:44:42 [INFO]: Routes Mounted... 

yyyy-01-02 16:44:42 [INFO]: Server is running at http://localhost:8000 with 18752

yyyy-01-02 16:44:46 [INFO]: Loading App... 

yyyy-01-02 16:44:46 [INFO]: Loading Middlewares...
yyyy-01-02 16:44:46 [INFO]: All Middlewares Loaded...

yyyy-01-02 16:44:46 [INFO]: Mounting Routes...
yyyy-01-02 16:44:46 [INFO]: Producer Router mounted at: /produce
yyyy-01-02 16:44:46 [INFO]: Routes Mounted... 

yyyy-01-02 16:44:46 [INFO]: Server is running at http://localhost:8000 with 18780

